<?xml version="1.0" encoding="UTF-8"?>
<!-- Generated by org.testng.reporters.JUnitReportReporter -->
<testsuite hostname="Bis-Mac-mini.local" failures="0" tests="3" name="TestCases.TS006_AgendaScripts01" time="1486.849" errors="0" timestamp="19 Sep 2018 22:25:12 GMT" skipped="0">
  <testcase classname="TestCases.TS006_AgendaScripts01" name="TS006_AgendaScripts01_Agenda2_addEventFromHome" time="467.037"/>
  <testcase classname="TestCases.TS006_AgendaScripts01" name="TS006_AgendaScripts01_Agenda1_verifyAgendaView" time="513.376"/>
  <testcase classname="TestCases.TS006_AgendaScripts01" name="TS006_AgendaScripts01_Agenda3_addEventBottomBar" time="506.436"/>
</testsuite> <!-- TestCases.TS006_AgendaScripts01 -->
