<?xml version="1.0" encoding="UTF-8"?>
<!-- Generated by org.testng.reporters.JUnitReportReporter -->
<testsuite hostname="Bis-Mac-mini.local" failures="0" tests="6" name="TestCases.TS005_EmailScripts03" time="1283.204" errors="0" timestamp="05 Mar 2019 22:47:13 GMT" skipped="0">
  <testcase classname="TestCases.TS005_EmailScripts03" name="TS005_EmailScripts03_Email3_sendEmailByBearTrackWithoutSubject" time="230.807"/>
  <testcase classname="TestCases.TS005_EmailScripts03" name="TS005_EmailScripts03_Email0_inputToFieldThenSendEmailBearTrack" time="239.254"/>
  <testcase classname="TestCases.TS005_EmailScripts03" name="TS005_EmailScripts03_Email2_inputBccFieldThenSendEmailBearTrack" time="224.025"/>
  <testcase classname="TestCases.TS005_EmailScripts03" name="TS005_EmailScripts03_Email1_inputCcFieldThenSendEmailBearTrack" time="222.727"/>
  <testcase classname="TestCases.TS005_EmailScripts03" name="TS005_EmailScripts03_Email5_sendEmailByBearTrackHasImage" time="278.402"/>
  <testcase classname="TestCases.TS005_EmailScripts03" name="TS005_EmailScripts03_Email4_sendEmailByBearTrackToIvalidAddress" time="87.989"/>
</testsuite> <!-- TestCases.TS005_EmailScripts03 -->
