<?xml version="1.0" encoding="UTF-8"?>
<!-- Generated by org.testng.reporters.JUnitReportReporter -->
<testsuite hostname="Bis-Mac-mini.local" failures="0" tests="13" name="TestCases.TS009_NoteScripts02" time="930.377" errors="0" timestamp="05 Mar 2019 22:47:13 GMT" skipped="0">
  <testcase classname="TestCases.TS009_NoteScripts02" name="TS009_NoteScripts02_Note11_localFilterByMultiCollection" time="68.678"/>
  <testcase classname="TestCases.TS009_NoteScripts02" name="TS009_NoteScripts02_Note05_filterStarShowsOnlyStarNote" time="54.580"/>
  <testcase classname="TestCases.TS009_NoteScripts02" name="TS009_NoteScripts02_Note02_filterAllShowsAllNotes" time="66.842"/>
  <testcase classname="TestCases.TS009_NoteScripts02" name="TS009_NoteScripts02_Note07_filterAllSortByDate" time="29.300"/>
  <testcase classname="TestCases.TS009_NoteScripts02" name="TS009_NoteScripts02_Note11_localFilterByMultiCollection" time="83.101"/>
  <testcase classname="TestCases.TS009_NoteScripts02" name="TS009_NoteScripts02_Note10_addNoteItemToManyCollection" time="168.385"/>
  <testcase classname="TestCases.TS009_NoteScripts02" name="TS009_NoteScripts02_Note03_filterAllSortByTitle" time="33.101"/>
  <testcase classname="TestCases.TS009_NoteScripts02" name="TS009_NoteScripts02_Note11_localFilterByMultiCollection" time="72.172"/>
  <testcase classname="TestCases.TS009_NoteScripts02" name="TS009_NoteScripts02_Note04_filterAllSortByDate" time="32.246"/>
  <testcase classname="TestCases.TS009_NoteScripts02" name="TS009_NoteScripts02_Note08_moveNoteItemToOtherCollection" time="181.156"/>
  <testcase classname="TestCases.TS009_NoteScripts02" name="TS009_NoteScripts02_Note01_unStarNoteFromNoteView" time="53.684"/>
  <testcase classname="TestCases.TS009_NoteScripts02" name="TS009_NoteScripts02_Note06_filterAllSortByTitle" time="29.971"/>
  <testcase classname="TestCases.TS009_NoteScripts02" name="TS009_NoteScripts02_Note09_localFilterByACollection" time="57.161"/>
</testsuite> <!-- TestCases.TS009_NoteScripts02 -->
