<?xml version="1.0" encoding="UTF-8"?>
<!-- Generated by org.testng.reporters.JUnitReportReporter -->
<testsuite hostname="Bis-Mac-mini.local" failures="0" tests="23" name="TestCases.TS003_HomeScripts01" time="591.897" errors="0" timestamp="19 Nov 2018 22:50:45 GMT" skipped="0">
  <testcase classname="TestCases.TS003_HomeScripts01" name="TS003_HomeScripts01_Home7_SwipeLefttoRightBackHome" time="19.970"/>
  <testcase classname="TestCases.TS003_HomeScripts01" name="TS003_HomeScripts01_Home1_checkStartFlo" time="38.855"/>
  <testcase classname="TestCases.TS003_HomeScripts01" name="TS003_HomeScripts01_Home6_OpenNewItemViewFromPlusIcon" time="18.303"/>
  <testcase classname="TestCases.TS003_HomeScripts01" name="TS003_HomeScripts01_Home3_OpenNewItemViewFromBottomBar" time="25.565"/>
  <testcase classname="TestCases.TS003_HomeScripts01" name="TS003_HomeScripts01_Home3_OpenNewItemViewFromBottomBar" time="49.744"/>
  <testcase classname="TestCases.TS003_HomeScripts01" name="TS003_HomeScripts01_Home8_CheckClockSection" time="37.649"/>
  <testcase classname="TestCases.TS003_HomeScripts01" name="TS003_HomeScripts01_Home6_OpenNewItemViewFromPlusIcon" time="29.248"/>
  <testcase classname="TestCases.TS003_HomeScripts01" name="TS003_HomeScripts01_Home7_SwipeLefttoRightBackHome" time="15.133"/>
  <testcase classname="TestCases.TS003_HomeScripts01" name="TS003_HomeScripts01_Home7_SwipeLefttoRightBackHome" time="22.915"/>
  <testcase classname="TestCases.TS003_HomeScripts01" name="TS003_HomeScripts01_Home3_OpenNewItemViewFromBottomBar" time="25.934"/>
  <testcase classname="TestCases.TS003_HomeScripts01" name="TS003_HomeScripts01_Home3_OpenNewItemViewFromBottomBar" time="39.114"/>
  <testcase classname="TestCases.TS003_HomeScripts01" name="TS003_HomeScripts01_Home5_openRecentCollectionsScreen" time="17.325"/>
  <testcase classname="TestCases.TS003_HomeScripts01" name="TS003_HomeScripts01_Home5_openRecentCollectionsScreen" time="19.725"/>
  <testcase classname="TestCases.TS003_HomeScripts01" name="TS003_HomeScripts01_Home6_OpenNewItemViewFromPlusIcon" time="24.036"/>
  <testcase classname="TestCases.TS003_HomeScripts01" name="TS003_HomeScripts01_Home6_OpenNewItemViewFromPlusIcon" time="23.065"/>
  <testcase classname="TestCases.TS003_HomeScripts01" name="TS003_HomeScripts01_Home7_SwipeLefttoRightBackHome" time="19.038"/>
  <testcase classname="TestCases.TS003_HomeScripts01" name="TS003_HomeScripts01_Home5_openRecentCollectionsScreen" time="17.248"/>
  <testcase classname="TestCases.TS003_HomeScripts01" name="TS003_HomeScripts01_Home6_OpenNewItemViewFromPlusIcon" time="19.555"/>
  <testcase classname="TestCases.TS003_HomeScripts01" name="TS003_HomeScripts01_Home5_openRecentCollectionsScreen" time="17.503"/>
  <testcase classname="TestCases.TS003_HomeScripts01" name="TS003_HomeScripts01_Home7_SwipeLefttoRightBackHome" time="15.635"/>
  <testcase classname="TestCases.TS003_HomeScripts01" name="TS003_HomeScripts01_Home5_openRecentCollectionsScreen" time="17.233"/>
  <testcase classname="TestCases.TS003_HomeScripts01" name="TS003_HomeScripts01_Home2_checkRecentCollectionSectionOnHome" time="58.587"/>
  <testcase classname="TestCases.TS003_HomeScripts01" name="TS003_HomeScripts01_Home4_OpenCollectionViewFromBottomBar" time="20.517"/>
</testsuite> <!-- TestCases.TS003_HomeScripts01 -->
