<?xml version="1.0" encoding="UTF-8"?>
<!-- Generated by org.testng.reporters.JUnitReportReporter -->
<testsuite hostname="Bis-Mac-mini.local" failures="0" tests="9" name="TestCases.TS008_ContactScripts01" time="806.090" errors="0" timestamp="05 Mar 2019 22:47:13 GMT" skipped="0">
  <testcase classname="TestCases.TS008_ContactScripts01" name="TS008_ContactScripts01_Contact6_filterByVIPAddNewContact" time="174.390"/>
  <testcase classname="TestCases.TS008_ContactScripts01" name="TS008_ContactScripts01_Contact8_changeDisplayInSettings" time="30.773"/>
  <testcase classname="TestCases.TS008_ContactScripts01" name="TS008_ContactScripts01_Contact8_changeDisplayInSettings" time="60.927"/>
  <testcase classname="TestCases.TS008_ContactScripts01" name="TS008_ContactScripts01_Contact3_addContactFromPlusIcon" time="74.136"/>
  <testcase classname="TestCases.TS008_ContactScripts01" name="TS008_ContactScripts01_Contact7_filterByAllCheckAndDeleteContact" time="101.563"/>
  <testcase classname="TestCases.TS008_ContactScripts01" name="TS008_ContactScripts01_Contact5_filterByRecentAddNewContact" time="178.213"/>
  <testcase classname="TestCases.TS008_ContactScripts01" name="TS008_ContactScripts01_Contact1_verifyContactView" time="29.055"/>
  <testcase classname="TestCases.TS008_ContactScripts01" name="TS008_ContactScripts01_Contact8_changeDisplayInSettings" time="60.910"/>
  <testcase classname="TestCases.TS008_ContactScripts01" name="TS008_ContactScripts01_Contact7_filterByAllCheckAndDeleteContact" time="96.123"/>
</testsuite> <!-- TestCases.TS008_ContactScripts01 -->
