<?xml version="1.0" encoding="UTF-8"?>
<!-- Generated by org.testng.reporters.JUnitReportReporter -->
<testsuite hostname="Bis-Mac-mini.local" failures="0" tests="13" name="TestCases.TS004_SettingsScripts02" time="663.438" errors="0" timestamp="05 Mar 2019 22:47:13 GMT" skipped="0">
  <testcase classname="TestCases.TS004_SettingsScripts02" name="TS004_SettingsScripts02_SettingCollection11_deleteCollectionChildCollectionBeDeleted" time="28.588"/>
  <testcase classname="TestCases.TS004_SettingsScripts02" name="TS004_SettingsScripts02_SettingCollection07_editParentOfCollection" time="48.193"/>
  <testcase classname="TestCases.TS004_SettingsScripts02" name="TS004_SettingsScripts02_SettingCollection05_editTitleOfCollection" time="49.329"/>
  <testcase classname="TestCases.TS004_SettingsScripts02" name="TS004_SettingsScripts02_SettingCollection12_checkDefaultCollectionCanNotBeDeleted" time="48.306"/>
  <testcase classname="TestCases.TS004_SettingsScripts02" name="TS004_SettingsScripts02_SettingCollection09_deleteCollectionFromDetailsView" time="66.952"/>
  <testcase classname="TestCases.TS004_SettingsScripts02" name="TS004_SettingsScripts02_SettingCollection04_addNewChildCollectionOfChildCollection" time="58.698"/>
  <testcase classname="TestCases.TS004_SettingsScripts02" name="TS004_SettingsScripts02_SettingCollection02_addExistedCollection" time="30.983"/>
  <testcase classname="TestCases.TS004_SettingsScripts02" name="TS004_SettingsScripts02_SettingCollection06_editColorOfCollection" time="47.477"/>
  <testcase classname="TestCases.TS004_SettingsScripts02" name="TS004_SettingsScripts02_SettingCollection01_addNewCollection" time="43.334"/>
  <testcase classname="TestCases.TS004_SettingsScripts02" name="TS004_SettingsScripts02_SettingCollection13_checkDefaultCollectionIsAvailableInNewItemView" time="79.218"/>
  <testcase classname="TestCases.TS004_SettingsScripts02" name="TS004_SettingsScripts02_SettingCollection03_addNewChildCollection" time="53.449"/>
  <testcase classname="TestCases.TS004_SettingsScripts02" name="TS004_SettingsScripts02_SettingCollection10_deleteCollectionBySwipe" time="67.662"/>
  <testcase classname="TestCases.TS004_SettingsScripts02" name="TS004_SettingsScripts02_SettingCollection08_editMakeDefaultCollection" time="41.249"/>
</testsuite> <!-- TestCases.TS004_SettingsScripts02 -->
