<?xml version="1.0" encoding="UTF-8"?>
<!-- Generated by org.testng.reporters.JUnitReportReporter -->
<testsuite hostname="Bis-Mac-mini.local" failures="0" tests="6" name="TestCases.TS006_AgendaScripts04" time="2031.364" errors="0" timestamp="19 Sep 2018 22:25:13 GMT" skipped="0">
  <testcase classname="TestCases.TS006_AgendaScripts04" name="TS006_AgendaScripts04_Agenda1_createLinkedNoteBySwiping" time="470.554"/>
  <testcase classname="TestCases.TS006_AgendaScripts04" name="TS006_AgendaScripts04_Agenda3_moveCollectionBySwiping" time="228.009"/>
  <testcase classname="TestCases.TS006_AgendaScripts04" name="TS006_AgendaScripts04_Agenda5_checkLinkedIconIsRemoved" time="453.593"/>
  <testcase classname="TestCases.TS006_AgendaScripts04" name="TS006_AgendaScripts04_Agenda2_addCollectionBySwiping" time="226.900"/>
  <testcase classname="TestCases.TS006_AgendaScripts04" name="TS006_AgendaScripts04_Agenda6_deleteDueTodoBySwiping" time="181.288"/>
  <testcase classname="TestCases.TS006_AgendaScripts04" name="TS006_AgendaScripts04_Agenda4_createLinkedEmailBySwiping" time="471.020"/>
</testsuite> <!-- TestCases.TS006_AgendaScripts04 -->
