<?xml version="1.0" encoding="UTF-8"?>
<!-- Generated by org.testng.reporters.JUnitReportReporter -->
<testsuite hostname="Bis-Mac-mini.local" failures="0" tests="5" name="TestCases.TS007_TodoScripts05" time="470.729" errors="0" timestamp="05 Mar 2019 22:47:13 GMT" skipped="0">
  <testcase classname="TestCases.TS007_TodoScripts05" name="TS007_TodoScripts05_Todo4_searchTodoByContentFromTodoList" time="113.244"/>
  <testcase classname="TestCases.TS007_TodoScripts05" name="TS007_TodoScripts05_Todo3_searchTodoByTitleFromTodoList" time="89.305"/>
  <testcase classname="TestCases.TS007_TodoScripts05" name="TS007_TodoScripts05_ToDo1_setUnStarTodoFromTodoListView" time="60.975"/>
  <testcase classname="TestCases.TS007_TodoScripts05" name="TS007_TodoScripts05_Todo2_deleteToDoFromTodoViewDetail" time="88.199"/>
  <testcase classname="TestCases.TS007_TodoScripts05" name="TS007_TodoScripts05_Todo5_searchTodoFromTodoListWithWrongKeyword" time="119.006"/>
</testsuite> <!-- TestCases.TS007_TodoScripts05 -->
