<?xml version="1.0" encoding="UTF-8"?>
<!-- Generated by org.testng.reporters.JUnitReportReporter -->
<testsuite hostname="Bis-Mac-mini.local" failures="0" tests="8" name="TestCases.TS007_TodoScripts01" time="365.436" errors="0" timestamp="05 Mar 2019 22:47:13 GMT" skipped="0">
  <testcase classname="TestCases.TS007_TodoScripts01" name="TS007_TodoScripts01_ToDo4_setDueDateBySwiping" time="31.547"/>
  <testcase classname="TestCases.TS007_TodoScripts01" name="TS007_TodoScripts01_ToDo4_setDueDateBySwiping" time="30.832"/>
  <testcase classname="TestCases.TS007_TodoScripts01" name="TS007_TodoScripts01_ToDo3_addToDoFromPlusButton" time="57.760"/>
  <testcase classname="TestCases.TS007_TodoScripts01" name="TS007_TodoScripts01_ToDo2_addQuickToDo" time="110.037"/>
  <testcase classname="TestCases.TS007_TodoScripts01" name="TS007_TodoScripts01_ToDo4_setDueDateBySwiping" time="30.371"/>
  <testcase classname="TestCases.TS007_TodoScripts01" name="TS007_TodoScripts01_ToDo5_deleteTodoBySwiping" time="16.819"/>
  <testcase classname="TestCases.TS007_TodoScripts01" name="TS007_TodoScripts01_ToDo4_setDueDateBySwiping" time="30.127"/>
  <testcase classname="TestCases.TS007_TodoScripts01" name="TS007_TodoScripts01_ToDo1_verifyToDoView" time="57.943"/>
</testsuite> <!-- TestCases.TS007_TodoScripts01 -->
