<?xml version="1.0" encoding="UTF-8"?>
<!-- Generated by org.testng.reporters.JUnitReportReporter -->
<testsuite hostname="Bis-Mac-mini.local" failures="0" tests="8" name="TestCases.TS008_ContactScripts04" time="1157.911" errors="0" timestamp="05 Mar 2019 22:47:13 GMT" skipped="0">
  <testcase classname="TestCases.TS008_ContactScripts04" name="TS008_ContactScripts04_Contact4_UnVIPContactInDetail" time="170.947"/>
  <testcase classname="TestCases.TS008_ContactScripts04" name="TS008_ContactScripts04_Contact3_UnVIPContactInList" time="162.004"/>
  <testcase classname="TestCases.TS008_ContactScripts04" name="TS008_ContactScripts04_Contact2_markVIPContactInDetail" time="131.700"/>
  <testcase classname="TestCases.TS008_ContactScripts04" name="TS008_ContactScripts04_Contact6_addCollectionToVipContactInDetail" time="169.891"/>
  <testcase classname="TestCases.TS008_ContactScripts04" name="TS008_ContactScripts04_Contact1_markVIPContactInList" time="156.516"/>
  <testcase classname="TestCases.TS008_ContactScripts04" name="TS008_ContactScripts04_Contact8_moveCollectionToVipContactInDetail" time="124.256"/>
  <testcase classname="TestCases.TS008_ContactScripts04" name="TS008_ContactScripts04_Contact7_moveCollectionToContactInDetail" time="113.687"/>
  <testcase classname="TestCases.TS008_ContactScripts04" name="TS008_ContactScripts04_Contact5_addCollectionToContactInDetail" time="128.910"/>
</testsuite> <!-- TestCases.TS008_ContactScripts04 -->
