<?xml version="1.0" encoding="UTF-8"?>
<!-- Generated by org.testng.reporters.JUnitReportReporter -->
<testsuite hostname="Bis-Mac-mini.local" failures="0" tests="7" name="TestCases.TS008_ContactScripts02" time="982.057" errors="0" timestamp="05 Mar 2019 22:47:13 GMT" skipped="0">
  <testcase classname="TestCases.TS008_ContactScripts02" name="TS008_ContactScripts02_Contact4_addToCollectionBySwiping" time="147.252"/>
  <testcase classname="TestCases.TS008_ContactScripts02" name="TS008_ContactScripts02_Contact5_deleteContactBySwiping" time="34.176"/>
  <testcase classname="TestCases.TS008_ContactScripts02" name="TS008_ContactScripts02_Contact3_moveToCollectionBySwiping" time="99.696"/>
  <testcase classname="TestCases.TS008_ContactScripts02" name="TS008_ContactScripts02_Contact2_createLinkedEventBySwiping" time="247.476"/>
  <testcase classname="TestCases.TS008_ContactScripts02" name="TS008_ContactScripts02_Contact1_sendAnEmailBySwiping" time="218.203"/>
  <testcase classname="TestCases.TS008_ContactScripts02" name="TS008_ContactScripts02_Contact6_checkEmailIconNotExistBySwipe" time="74.754"/>
  <testcase classname="TestCases.TS008_ContactScripts02" name="TS008_ContactScripts02_Contact7_checkPhoneAndChatIconNotExist" time="160.500"/>
</testsuite> <!-- TestCases.TS008_ContactScripts02 -->
