<?xml version="1.0" encoding="UTF-8"?>
<!-- Generated by org.testng.reporters.JUnitReportReporter -->
<testsuite hostname="Bis-Mac-mini.local" failures="0" tests="3" name="TestCases.TS006_AgendaScripts02" time="1482.032" errors="0" timestamp="19 Sep 2018 22:25:12 GMT" skipped="0">
  <testcase classname="TestCases.TS006_AgendaScripts02" name="TS006_AgendaScripts02_Agenda01_createOtherLinkedEventBySwipe" time="744.878"/>
  <testcase classname="TestCases.TS006_AgendaScripts02" name="TS006_AgendaScripts02_Agenda02_createOtherLinkedToDoBySwipe" time="376.600"/>
  <testcase classname="TestCases.TS006_AgendaScripts02" name="TS006_AgendaScripts02_Agenda03_checkLinkedIconIsRemoved" time="360.554"/>
</testsuite> <!-- TestCases.TS006_AgendaScripts02 -->
