<?xml version="1.0" encoding="UTF-8"?>
<!-- Generated by org.testng.reporters.JUnitReportReporter -->
<testsuite hostname="Bis-Mac-mini.local" failures="0" tests="5" name="TestCases.TS006_AgendaScripts03" time="2102.408" errors="0" timestamp="19 Sep 2018 22:25:12 GMT" skipped="0">
  <testcase classname="TestCases.TS006_AgendaScripts03" name="TS006_AgendaScripts03_Agenda2_setDueDateBySwiping" time="421.164"/>
  <testcase classname="TestCases.TS006_AgendaScripts03" name="TS006_AgendaScripts03_Agenda1_checkDueToDoInView" time="407.196"/>
  <testcase classname="TestCases.TS006_AgendaScripts03" name="TS006_AgendaScripts03_Agenda2_setDueDateBySwiping" time="436.571"/>
  <testcase classname="TestCases.TS006_AgendaScripts03" name="TS006_AgendaScripts03_Agenda2_setDueDateBySwiping" time="405.487"/>
  <testcase classname="TestCases.TS006_AgendaScripts03" name="TS006_AgendaScripts03_Agenda2_setDueDateBySwiping" time="431.990"/>
</testsuite> <!-- TestCases.TS006_AgendaScripts03 -->
