<?xml version="1.0" encoding="UTF-8"?>
<!-- Generated by org.testng.reporters.JUnitReportReporter -->
<testsuite hostname="Bis-Mac-mini.local" failures="0" tests="19" name="TestCases.TS004_SettingsScripts01" time="300.127" errors="0" timestamp="05 Mar 2019 22:47:13 GMT" skipped="0">
  <testcase classname="TestCases.TS004_SettingsScripts01" name="TS004_SettingsScripts01_Settings1_checkSettingDetailsScreenDisplay" time="13.296"/>
  <testcase classname="TestCases.TS004_SettingsScripts01" name="TS004_SettingsScripts01_Settings5_GeneralAlertSnooze" time="13.831"/>
  <testcase classname="TestCases.TS004_SettingsScripts01" name="TS004_SettingsScripts01_Settings1_checkSettingDetailsScreenDisplay" time="38.286"/>
  <testcase classname="TestCases.TS004_SettingsScripts01" name="TS004_SettingsScripts01_Settings5_GeneralAlertSnooze" time="13.549"/>
  <testcase classname="TestCases.TS004_SettingsScripts01" name="TS004_SettingsScripts01_Settings3_showAllWarnings" time="8.806"/>
  <testcase classname="TestCases.TS004_SettingsScripts01" name="TS004_SettingsScripts01_Settings4_GeneralSync" time="13.750"/>
  <testcase classname="TestCases.TS004_SettingsScripts01" name="TS004_SettingsScripts01_Settings1_checkSettingDetailsScreenDisplay" time="20.349"/>
  <testcase classname="TestCases.TS004_SettingsScripts01" name="TS004_SettingsScripts01_Settings5_GeneralAlertSnooze" time="13.797"/>
  <testcase classname="TestCases.TS004_SettingsScripts01" name="TS004_SettingsScripts01_Settings5_GeneralAlertSnooze" time="13.697"/>
  <testcase classname="TestCases.TS004_SettingsScripts01" name="TS004_SettingsScripts01_Settings1_checkSettingDetailsScreenDisplay" time="17.211"/>
  <testcase classname="TestCases.TS004_SettingsScripts01" name="TS004_SettingsScripts01_Settings4_GeneralSync" time="13.774"/>
  <testcase classname="TestCases.TS004_SettingsScripts01" name="TS004_SettingsScripts01_Settings1_checkSettingDetailsScreenDisplay" time="11.749"/>
  <testcase classname="TestCases.TS004_SettingsScripts01" name="TS004_SettingsScripts01_Settings1_checkSettingDetailsScreenDisplay" time="14.652"/>
  <testcase classname="TestCases.TS004_SettingsScripts01" name="TS004_SettingsScripts01_Settings1_checkSettingDetailsScreenDisplay" time="13.386"/>
  <testcase classname="TestCases.TS004_SettingsScripts01" name="TS004_SettingsScripts01_Settings1_checkSettingDetailsScreenDisplay" time="18.694"/>
  <testcase classname="TestCases.TS004_SettingsScripts01" name="TS004_SettingsScripts01_Settings2_checkAboutScreen" time="19.841"/>
  <testcase classname="TestCases.TS004_SettingsScripts01" name="TS004_SettingsScripts01_Settings4_GeneralSync" time="13.799"/>
  <testcase classname="TestCases.TS004_SettingsScripts01" name="TS004_SettingsScripts01_Settings4_GeneralSync" time="13.745"/>
  <testcase classname="TestCases.TS004_SettingsScripts01" name="TS004_SettingsScripts01_Settings1_checkSettingDetailsScreenDisplay" time="13.915"/>
</testsuite> <!-- TestCases.TS004_SettingsScripts01 -->
