<?xml version="1.0" encoding="UTF-8"?>
<!-- Generated by org.testng.reporters.JUnitReportReporter -->
<testsuite hostname="Bis-Mac-mini.local" failures="0" tests="17" name="TestCases.TS005_EmailScripts05" time="3207.803" errors="0" timestamp="05 Mar 2019 22:47:13 GMT" skipped="6">
  <testcase classname="TestCases.TS005_EmailScripts05" name="TS005_EmailScripts05_Email09_searchEmailBySubjectBody" time="264.687"/>
  <testcase classname="TestCases.TS005_EmailScripts05" name="TS005_EmailScripts05_Email05_searchEmailBySubject" time="43.856">
    <skipped/>
  </testcase> <!-- TS005_EmailScripts05_Email05_searchEmailBySubject -->
  <testcase classname="TestCases.TS005_EmailScripts05" name="TS005_EmailScripts05_Email07_searchEmailByTo" time="218.074"/>
  <testcase classname="TestCases.TS005_EmailScripts05" name="TS005_EmailScripts05_Email06_searchEmailByBody" time="58.186">
    <skipped/>
  </testcase> <!-- TS005_EmailScripts05_Email06_searchEmailByBody -->
  <testcase classname="TestCases.TS005_EmailScripts05" name="TS005_EmailScripts05_Email02_setUnStarForEmailFromEmailList" time="117.962"/>
  <testcase classname="TestCases.TS005_EmailScripts05" name="TS005_EmailScripts05_Email01_setStarForEmailFromEmailList" time="216.073"/>
  <testcase classname="TestCases.TS005_EmailScripts05" name="TS005_EmailScripts05_Email04_searchEmailByAll" time="358.938"/>
  <testcase classname="TestCases.TS005_EmailScripts05" name="TS005_EmailScripts05_Email05_searchEmailBySubject" time="194.825">
    <skipped/>
  </testcase> <!-- TS005_EmailScripts05_Email05_searchEmailBySubject -->
  <testcase classname="TestCases.TS005_EmailScripts05" name="TS005_EmailScripts05_Email06_searchEmailByBody" time="151.672"/>
  <testcase classname="TestCases.TS005_EmailScripts05" name="TS005_EmailScripts05_Email10_searchEmailBySubjectBodyTo" time="282.349"/>
  <testcase classname="TestCases.TS005_EmailScripts05" name="TS005_EmailScripts05_Email05_searchEmailBySubject" time="156.812"/>
  <testcase classname="TestCases.TS005_EmailScripts05" name="TS005_EmailScripts05_Email06_searchEmailByBody" time="190.543">
    <skipped/>
  </testcase> <!-- TS005_EmailScripts05_Email06_searchEmailByBody -->
  <testcase classname="TestCases.TS005_EmailScripts05" name="TS005_EmailScripts05_Email07_searchEmailByTo" time="256.961">
    <skipped/>
  </testcase> <!-- TS005_EmailScripts05_Email07_searchEmailByTo -->
  <testcase classname="TestCases.TS005_EmailScripts05" name="TS005_EmailScripts05_Email08_searchEmailByFrom" time="145.923"/>
  <testcase classname="TestCases.TS005_EmailScripts05" name="TS005_EmailScripts05_Email02_setUnStarForEmailFromEmailList" time="114.269">
    <skipped/>
  </testcase> <!-- TS005_EmailScripts05_Email02_setUnStarForEmailFromEmailList -->
  <testcase classname="TestCases.TS005_EmailScripts05" name="TS005_EmailScripts05_Email11_searchEmailByAllWithKeywordNotRelated" time="96.297"/>
  <testcase classname="TestCases.TS005_EmailScripts05" name="TS005_EmailScripts05_Email03_moveEmailToDefaultCollectionAfterCreatingTodoOrEvent" time="340.376"/>
</testsuite> <!-- TestCases.TS005_EmailScripts05 -->
