<?xml version="1.0" encoding="UTF-8"?>
<!-- Generated by org.testng.reporters.JUnitReportReporter -->
<testsuite hostname="Bis-Mac-mini.local" failures="0" tests="6" name="TestCases.TS010_CollectionScripts02" time="857.662" errors="0" timestamp="05 Mar 2019 22:47:13 GMT" skipped="0">
  <testcase classname="TestCases.TS010_CollectionScripts02" name="TS010_CollectionScripts02_Collection6_deleteEventBySwipe" time="20.511"/>
  <testcase classname="TestCases.TS010_CollectionScripts02" name="TS010_CollectionScripts02_Collection4_moveEventToCollectionBySwipe" time="79.903"/>
  <testcase classname="TestCases.TS010_CollectionScripts02" name="TS010_CollectionScripts02_Collection5_addEventToCollectionBySwipe" time="100.901"/>
  <testcase classname="TestCases.TS010_CollectionScripts02" name="TS010_CollectionScripts02_Collection2_addTodoLinkedToEventBySwipe" time="159.083"/>
  <testcase classname="TestCases.TS010_CollectionScripts02" name="TS010_CollectionScripts02_Collection1_addEventLinkedToEventBySwipe" time="294.468"/>
  <testcase classname="TestCases.TS010_CollectionScripts02" name="TS010_CollectionScripts02_Collection3_addNoteLinkedToEventBySwipe" time="202.796"/>
</testsuite> <!-- TestCases.TS010_CollectionScripts02 -->
