<?xml version="1.0" encoding="UTF-8"?>
<!-- Generated by org.testng.reporters.JUnitReportReporter -->
<testsuite hostname="Bis-Mac-mini.local" failures="0" tests="4" name="TestCases.TS006_AgendaScripts05" time="1244.130" errors="0" timestamp="19 Sep 2018 22:25:12 GMT" skipped="0">
  <testcase classname="TestCases.TS006_AgendaScripts05" name="TS006_AgendaScripts05_Agenda02_checkLinkedIconIsRemoved" time="361.368"/>
  <testcase classname="TestCases.TS006_AgendaScripts05" name="TS006_AgendaScripts05_Agenda03_moveEventToCollectionBySwipe" time="180.954"/>
  <testcase classname="TestCases.TS006_AgendaScripts05" name="TS006_AgendaScripts05_Agenda01_createOtherLinkedNoteBySwipe" time="507.070"/>
  <testcase classname="TestCases.TS006_AgendaScripts05" name="TS006_AgendaScripts05_Agenda04_addEventToCollectionBySwipe" time="194.738"/>
</testsuite> <!-- TestCases.TS006_AgendaScripts05 -->
