<?xml version="1.0" encoding="UTF-8"?>
<!-- Generated by org.testng.reporters.JUnitReportReporter -->
<testsuite hostname="Bis-Mac-mini.local" failures="0" tests="9" name="TestCases.TS008_ContactScripts05" time="864.951" errors="0" timestamp="05 Mar 2019 22:47:13 GMT" skipped="0">
  <testcase classname="TestCases.TS008_ContactScripts05" name="TS008_ContactScripts05_Contact7_searchContactNotDependACollection" time="68.076"/>
  <testcase classname="TestCases.TS008_ContactScripts05" name="TS008_ContactScripts05_Contact2_addLinkedNoteInDetail" time="206.287"/>
  <testcase classname="TestCases.TS008_ContactScripts05" name="TS008_ContactScripts05_Contact4_searchContactByAllCollections" time="38.497"/>
  <testcase classname="TestCases.TS008_ContactScripts05" name="TS008_ContactScripts05_Contact1_addLinkedTodoInDetail" time="208.914"/>
  <testcase classname="TestCases.TS008_ContactScripts05" name="TS008_ContactScripts05_Contact5_searchContactByACollection" time="68.970"/>
  <testcase classname="TestCases.TS008_ContactScripts05" name="TS008_ContactScripts05_Contact9_searchContactNotExist" time="39.994"/>
  <testcase classname="TestCases.TS008_ContactScripts05" name="TS008_ContactScripts05_Contact3_addLinkedContactInDetail" time="127.677"/>
  <testcase classname="TestCases.TS008_ContactScripts05" name="TS008_ContactScripts05_Contact8_searchContactNotDependVipFilter" time="34.212"/>
  <testcase classname="TestCases.TS008_ContactScripts05" name="TS008_ContactScripts05_Contact6_searchContactNotDependAllCollections" time="72.324"/>
</testsuite> <!-- TestCases.TS008_ContactScripts05 -->
