<?xml version="1.0" encoding="UTF-8"?>
<!-- Generated by org.testng.reporters.JUnitReportReporter -->
<testsuite hostname="Bis-Mac-mini.local" failures="0" tests="4" name="TestCases.TS004_SettingsScripts07" time="353.116" errors="0" timestamp="05 Mar 2019 22:47:13 GMT" skipped="0">
  <testcase classname="TestCases.TS004_SettingsScripts07" name="TS004_SettingsScripts07_Settings1_checkNotShowWarningWhenDeleteTodo" time="59.180"/>
  <testcase classname="TestCases.TS004_SettingsScripts07" name="TS004_SettingsScripts07_Settings4_notShowWarningWhenDeleteContact" time="68.923"/>
  <testcase classname="TestCases.TS004_SettingsScripts07" name="TS004_SettingsScripts07_Settings5_notShowWarningWhenDeleteEmail" time="186.044"/>
  <testcase classname="TestCases.TS004_SettingsScripts07" name="TS004_SettingsScripts07_Settings3_notShowWarningWhenDeleteNote" time="38.969"/>
</testsuite> <!-- TestCases.TS004_SettingsScripts07 -->
