<?xml version="1.0" encoding="UTF-8"?>
<!-- Generated by org.testng.reporters.JUnitReportReporter -->
<testsuite hostname="Bis-Mac-mini.local" failures="0" tests="11" name="TestCases.TS003_HomeScripts02" time="1088.633" errors="0" timestamp="19 Nov 2018 22:50:45 GMT" skipped="0">
  <testcase classname="TestCases.TS003_HomeScripts02" name="TS003_HomeScripts02_Home1_checkAllIconInBottomBar" time="76.442"/>
  <testcase classname="TestCases.TS003_HomeScripts02" name="TS003_HomeScripts02_Home6_checkCollectionTopAfterAddNote" time="120.763"/>
  <testcase classname="TestCases.TS003_HomeScripts02" name="TS003_HomeScripts02_Home3_checkCollectionTopAfterFilterView" time="65.855"/>
  <testcase classname="TestCases.TS003_HomeScripts02" name="TS003_HomeScripts02_Home5_checkCollectionTopAfterAddContact" time="127.869"/>
  <testcase classname="TestCases.TS003_HomeScripts02" name="TS003_HomeScripts02_Home4_checkCollectionTopAfterAddTodo" time="167.892"/>
  <testcase classname="TestCases.TS003_HomeScripts02" name="TS003_HomeScripts02_Home3_checkCollectionTopAfterFilterView" time="66.066"/>
  <testcase classname="TestCases.TS003_HomeScripts02" name="TS003_HomeScripts02_Home3_checkCollectionTopAfterFilterView" time="117.402"/>
  <testcase classname="TestCases.TS003_HomeScripts02" name="TS003_HomeScripts02_Home3_checkCollectionTopAfterFilterView" time="75.368"/>
  <testcase classname="TestCases.TS003_HomeScripts02" name="TS003_HomeScripts02_Home3_checkCollectionTopAfterFilterView" time="58.619"/>
  <testcase classname="TestCases.TS003_HomeScripts02" name="TS003_HomeScripts02_Home2_checkItemInPopupGlobal" time="26.512"/>
  <testcase classname="TestCases.TS003_HomeScripts02" name="TS003_HomeScripts02_Home7_checkCollectionTopAfterAddEmail" time="185.845"/>
</testsuite> <!-- TestCases.TS003_HomeScripts02 -->
