<?xml version="1.0" encoding="UTF-8"?>
<!-- Generated by org.testng.reporters.JUnitReportReporter -->
<testsuite hostname="Bis-Mac-mini.local" failures="0" tests="11" name="TestCases.TS004_SettingsScripts05" time="420.353" errors="0" timestamp="05 Mar 2019 22:47:13 GMT" skipped="0">
  <testcase classname="TestCases.TS004_SettingsScripts05" name="TS004_SettingsScripts05_SettingEmail3_setBearTrackNotifyUponReply" time="12.420"/>
  <testcase classname="TestCases.TS004_SettingsScripts05" name="TS004_SettingsScripts05_SettingEmail6_setPreviewDescriptionLines" time="16.192"/>
  <testcase classname="TestCases.TS004_SettingsScripts05" name="TS004_SettingsScripts05_SettingEmail6_setPreviewDescriptionLines" time="16.800"/>
  <testcase classname="TestCases.TS004_SettingsScripts05" name="TS004_SettingsScripts05_SettingEmail6_setPreviewDescriptionLines" time="16.402"/>
  <testcase classname="TestCases.TS004_SettingsScripts05" name="TS004_SettingsScripts05_SettingEmail1_setSignatureForFlomail" time="92.832"/>
  <testcase classname="TestCases.TS004_SettingsScripts05" name="TS004_SettingsScripts05_SettingEmail2_setBearTrackNotifyifNoReply" time="13.047"/>
  <testcase classname="TestCases.TS004_SettingsScripts05" name="TS004_SettingsScripts05_SettingEmail6_setPreviewDescriptionLines" time="16.322"/>
  <testcase classname="TestCases.TS004_SettingsScripts05" name="TS004_SettingsScripts05_SettingEmail4_checkStatusNotifyCollectionEmailWhenSending" time="17.800"/>
  <testcase classname="TestCases.TS004_SettingsScripts05" name="TS004_SettingsScripts05_SettingEmail6_setPreviewDescriptionLines" time="16.237"/>
  <testcase classname="TestCases.TS004_SettingsScripts05" name="TS004_SettingsScripts05_SettingEmail7_setMoveEmailToDefaultCollection" time="13.300"/>
  <testcase classname="TestCases.TS004_SettingsScripts05" name="TS004_SettingsScripts05_SettingEmail5_setCollectEmailsWhenSending" time="189.001"/>
</testsuite> <!-- TestCases.TS004_SettingsScripts05 -->
