<?xml version="1.0" encoding="UTF-8"?>
<!-- Generated by org.testng.reporters.JUnitReportReporter -->
<testsuite hostname="Bis-Mac-mini.local" failures="0" tests="1" name="TestCasesManual.SendEmailScripts" time="30.198" errors="1" timestamp="21 Jan 2019 16:01:11 GMT" skipped="0">
  <testcase classname="TestCasesManual.SendEmailScripts" name="sendMail" time="30.198">
    <error message="com.sun.mail.util.MailConnectException: Couldn&#039;t connect to host, port: smtp.gmail.com, 587; timeout -1;
  nested exception is:
	java.net.UnknownHostException: smtp.gmail.com" type="java.lang.RuntimeException">
      <![CDATA[java.lang.RuntimeException: com.sun.mail.util.MailConnectException: Couldn't connect to host, port: smtp.gmail.com, 587; timeout -1;
  nested exception is:
	java.net.UnknownHostException: smtp.gmail.com
	at Support.SendEmailUtils.sendMail(SendEmailUtils.java:168)
	at Support.SendEmailUtils.sendGmail(SendEmailUtils.java:98)
	at TestCasesManual.SendEmailScripts.sendMail(SendEmailScripts.java:19)
	at java.base/jdk.internal.reflect.NativeMethodAccessorImpl.invoke0(Native Method)
	at java.base/jdk.internal.reflect.NativeMethodAccessorImpl.invoke(NativeMethodAccessorImpl.java:62)
	at java.base/jdk.internal.reflect.DelegatingMethodAccessorImpl.invoke(DelegatingMethodAccessorImpl.java:43)
	at java.base/java.lang.reflect.Method.invoke(Method.java:564)
	at org.testng.internal.MethodInvocationHelper.invokeMethod(MethodInvocationHelper.java:108)
	at org.testng.internal.Invoker.invokeConfigurationMethod(Invoker.java:523)
	at org.testng.internal.Invoker.invokeConfigurations(Invoker.java:224)
	at org.testng.internal.Invoker.invokeConfigurations(Invoker.java:146)
	at org.testng.SuiteRunner.privateRun(SuiteRunner.java:350)
	at org.testng.SuiteRunner.run(SuiteRunner.java:289)
	at org.testng.SuiteRunnerWorker.runSuite(SuiteRunnerWorker.java:52)
	at org.testng.SuiteRunnerWorker.run(SuiteRunnerWorker.java:86)
	at org.testng.TestNG.runSuitesSequentially(TestNG.java:1301)
	at org.testng.TestNG.runSuitesLocally(TestNG.java:1226)
	at org.testng.TestNG.runSuites(TestNG.java:1144)
	at org.testng.TestNG.run(TestNG.java:1115)
	at org.testng.IDEARemoteTestNG.run(IDEARemoteTestNG.java:72)
	at org.testng.RemoteTestNGStarter.main(RemoteTestNGStarter.java:123)
Caused by: com.sun.mail.util.MailConnectException: Couldn't connect to host, port: smtp.gmail.com, 587; timeout -1;
  nested exception is:
	java.net.UnknownHostException: smtp.gmail.com
	at com.sun.mail.smtp.SMTPTransport.openServer(SMTPTransport.java:2194)
	at com.sun.mail.smtp.SMTPTransport.protocolConnect(SMTPTransport.java:726)
	at javax.mail.Service.connect(Service.java:367)
	at javax.mail.Service.connect(Service.java:226)
	at javax.mail.Service.connect(Service.java:175)
	at javax.mail.Transport.send0(Transport.java:253)
	at javax.mail.Transport.send(Transport.java:124)
	at Support.SendEmailUtils.sendMail(SendEmailUtils.java:166)
	... 20 more
Caused by: java.net.UnknownHostException: smtp.gmail.com
	at java.base/java.net.AbstractPlainSocketImpl.connect(AbstractPlainSocketImpl.java:221)
	at java.base/java.net.SocksSocketImpl.connect(SocksSocketImpl.java:402)
	at java.base/java.net.Socket.connect(Socket.java:591)
	at java.base/java.net.Socket.connect(Socket.java:540)
	at com.sun.mail.util.SocketFetcher.createSocket(SocketFetcher.java:352)
	at com.sun.mail.util.SocketFetcher.getSocket(SocketFetcher.java:238)
	at com.sun.mail.smtp.SMTPTransport.openServer(SMTPTransport.java:2160)
	... 27 more
]]>
    </error>
  </testcase> <!-- sendMail -->
</testsuite> <!-- TestCasesManual.SendEmailScripts -->
