<?xml version="1.0" encoding="UTF-8"?>
<!-- Generated by org.testng.reporters.JUnitReportReporter -->
<testsuite skipped="0" hostname="Bis-Mac-mini.local" name="TEST.TestBi" tests="1" failures="0" timestamp="08 Aug 2019 10:23:40 GMT" time="131.914" errors="0">
  <testcase name="asd" time="131.914" classname="TEST.TestBi"/>
</testsuite> <!-- TEST.TestBi -->
