<?xml version="1.0" encoding="UTF-8"?>
<!-- Generated by org.testng.reporters.JUnitReportReporter -->
<testsuite hostname="Bis-Mac-mini.local" failures="0" tests="8" name="TestCases.TS010_CollectionScripts05" time="897.216" errors="0" timestamp="05 Mar 2019 22:47:13 GMT" skipped="2">
  <testcase classname="TestCases.TS010_CollectionScripts05" name="TS010_CollectionScripts05_Collection1_sendEmailBySwipeOnNote" time="159.700"/>
  <testcase classname="TestCases.TS010_CollectionScripts05" name="TS010_CollectionScripts05_Collection4_moveNoteToCollectionBySwipe" time="80.852"/>
  <testcase classname="TestCases.TS010_CollectionScripts05" name="TS010_CollectionScripts05_Collection6_deleteNoteBySwipe" time="21.609"/>
  <testcase classname="TestCases.TS010_CollectionScripts05" name="TS010_CollectionScripts05_Collection1_sendEmailBySwipeOnNote" time="168.799">
    <skipped/>
  </testcase> <!-- TS010_CollectionScripts05_Collection1_sendEmailBySwipeOnNote -->
  <testcase classname="TestCases.TS010_CollectionScripts05" name="TS010_CollectionScripts05_Collection2_createNewEventBySwipeOnNote" time="200.997"/>
  <testcase classname="TestCases.TS010_CollectionScripts05" name="TS010_CollectionScripts05_Collection3_createNewTodoBySwipeOnNote" time="125.929"/>
  <testcase classname="TestCases.TS010_CollectionScripts05" name="TS010_CollectionScripts05_Collection5_addNoteToCollectionsBySwipe" time="102.165"/>
  <testcase classname="TestCases.TS010_CollectionScripts05" name="TS010_CollectionScripts05_Collection1_sendEmailBySwipeOnNote" time="37.165">
    <skipped/>
  </testcase> <!-- TS010_CollectionScripts05_Collection1_sendEmailBySwipeOnNote -->
</testsuite> <!-- TestCases.TS010_CollectionScripts05 -->
