<?xml version="1.0" encoding="UTF-8"?>
<!-- Generated by org.testng.reporters.JUnitReportReporter -->
<testsuite hostname="Bis-Mac-mini.local" failures="0" tests="12" name="TestCases.TS007_TodoScripts04" time="1542.920" errors="0" timestamp="05 Mar 2019 22:47:13 GMT" skipped="2">
  <testcase classname="TestCases.TS007_TodoScripts04" name="TS007_TodoScripts04_ToDo08_sendEmailFromDetail" time="213.926"/>
  <testcase classname="TestCases.TS007_TodoScripts04" name="TS007_TodoScripts04_ToDo03_moveCollectionBySwiping" time="46.814"/>
  <testcase classname="TestCases.TS007_TodoScripts04" name="TS007_TodoScripts04_ToDo05_addTodoWithChecklist" time="95.529"/>
  <testcase classname="TestCases.TS007_TodoScripts04" name="TS007_TodoScripts04_ToDo02_createNoteBySwiping" time="140.637"/>
  <testcase classname="TestCases.TS007_TodoScripts04" name="TS007_TodoScripts04_ToDo10_checkLinkedIconIsRemoved" time="127.901"/>
  <testcase classname="TestCases.TS007_TodoScripts04" name="TS007_TodoScripts04_ToDo09_createNoteFromDetail" time="144.174"/>
  <testcase classname="TestCases.TS007_TodoScripts04" name="TS007_TodoScripts04_ToDo04_addCollectionBySwiping" time="85.302"/>
  <testcase classname="TestCases.TS007_TodoScripts04" name="TS007_TodoScripts04_ToDo01_createEmailBySwiping" time="216.813"/>
  <testcase classname="TestCases.TS007_TodoScripts04" name="TS007_TodoScripts04_ToDo07_addFullToDo" time="179.518"/>
  <testcase classname="TestCases.TS007_TodoScripts04" name="TS007_TodoScripts04_ToDo06_removeChecklistOfToDo" time="73.203"/>
  <testcase classname="TestCases.TS007_TodoScripts04" name="TS007_TodoScripts04_ToDo01_createEmailBySwiping" time="213.315">
    <skipped/>
  </testcase> <!-- TS007_TodoScripts04_ToDo01_createEmailBySwiping -->
  <testcase classname="TestCases.TS007_TodoScripts04" name="TS007_TodoScripts04_ToDo04_addCollectionBySwiping" time="5.788">
    <skipped/>
  </testcase> <!-- TS007_TodoScripts04_ToDo04_addCollectionBySwiping -->
</testsuite> <!-- TestCases.TS007_TodoScripts04 -->
