<?xml version="1.0" encoding="UTF-8"?>
<!-- Generated by org.testng.reporters.JUnitReportReporter -->
<testsuite hostname="Bis-Mac-mini.local" failures="0" tests="11" name="TestCases.TS007_TodoScripts03" time="929.898" errors="0" timestamp="05 Mar 2019 22:47:13 GMT" skipped="0">
  <testcase classname="TestCases.TS007_TodoScripts03" name="TS007_TodoScripts03_ToDo3_quickAddDueToDo" time="73.743"/>
  <testcase classname="TestCases.TS007_TodoScripts03" name="TS007_TodoScripts03_ToDo8_showDueTodoWithFilterByDue" time="63.804"/>
  <testcase classname="TestCases.TS007_TodoScripts03" name="TS007_TodoScripts03_ToDo7_addOverDueToDo" time="272.061"/>
  <testcase classname="TestCases.TS007_TodoScripts03" name="TS007_TodoScripts03_ToDo5_showStarTodoWithFilterByStar" time="52.648"/>
  <testcase classname="TestCases.TS007_TodoScripts03" name="TS007_TodoScripts03_ToDo3_quickAddDueToDo" time="66.310"/>
  <testcase classname="TestCases.TS007_TodoScripts03" name="TS007_TodoScripts03_ToDo4_showAllTodoWithFilterByAll" time="137.800"/>
  <testcase classname="TestCases.TS007_TodoScripts03" name="TS007_TodoScripts03_ToDo1_quickAddStarToDo" time="42.103"/>
  <testcase classname="TestCases.TS007_TodoScripts03" name="TS007_TodoScripts03_ToDo3_quickAddDueToDo" time="52.158"/>
  <testcase classname="TestCases.TS007_TodoScripts03" name="TS007_TodoScripts03_ToDo2_quickAddDoneToDo" time="43.774"/>
  <testcase classname="TestCases.TS007_TodoScripts03" name="TS007_TodoScripts03_ToDo3_quickAddDueToDo" time="82.270"/>
  <testcase classname="TestCases.TS007_TodoScripts03" name="TS007_TodoScripts03_ToDo6_showDoneTodoWithFilterByDone" time="43.227"/>
</testsuite> <!-- TestCases.TS007_TodoScripts03 -->
