<?xml version="1.0" encoding="UTF-8"?>
<!-- Generated by org.testng.reporters.JUnitReportReporter -->
<testsuite hostname="Bis-Mac-mini.local" failures="0" tests="9" name="TestCases.TS009_NoteScripts03" time="1171.087" errors="0" timestamp="05 Mar 2019 22:47:13 GMT" skipped="0">
  <testcase classname="TestCases.TS009_NoteScripts03" name="TS009_NoteScripts03_Note03_createOtherLinkedTodoBySwipe" time="102.072"/>
  <testcase classname="TestCases.TS009_NoteScripts03" name="TS009_NoteScripts03_Note08_addLinkedTodoFromDetail" time="101.292"/>
  <testcase classname="TestCases.TS009_NoteScripts03" name="TS009_NoteScripts03_Note07_addLinkedEventFromDetail" time="151.571"/>
  <testcase classname="TestCases.TS009_NoteScripts03" name="TS009_NoteScripts03_Note01_createOtherLinkedEmailBySwipe" time="208.872"/>
  <testcase classname="TestCases.TS009_NoteScripts03" name="TS009_NoteScripts03_Note05_addNoteToCollectioBySwipe" time="118.565"/>
  <testcase classname="TestCases.TS009_NoteScripts03" name="TS009_NoteScripts03_Note09_checkLinkItemAfterEmptyTrash" time="50.588"/>
  <testcase classname="TestCases.TS009_NoteScripts03" name="TS009_NoteScripts03_Note02_createOtherLinkedEventBySwipe" time="201.299"/>
  <testcase classname="TestCases.TS009_NoteScripts03" name="TS009_NoteScripts03_Note04_moveNoteToCollectioBySwipe" time="48.196"/>
  <testcase classname="TestCases.TS009_NoteScripts03" name="TS009_NoteScripts03_Note06_addLinkedEmailFromDetail" time="188.632"/>
</testsuite> <!-- TestCases.TS009_NoteScripts03 -->
