<?xml version="1.0" encoding="UTF-8"?>
<!-- Generated by org.testng.reporters.JUnitReportReporter -->
<testsuite hostname="Bis-Mac-mini.local" failures="0" tests="12" name="TestCases.TS001_SignInScripts" time="152.803" errors="0" timestamp="05 Mar 2019 22:47:13 GMT" skipped="0">
  <testcase classname="TestCases.TS001_SignInScripts" name="TS001_SignInScripts_SignIn7_SignInSuccess" time="13.492"/>
  <testcase classname="TestCases.TS001_SignInScripts" name="TS001_SignInScripts_SignIn6_CheckErrorMessage" time="14.480"/>
  <testcase classname="TestCases.TS001_SignInScripts" name="TS001_SignInScripts_SignIn2_CheckEnableButton" time="8.526"/>
  <testcase classname="TestCases.TS001_SignInScripts" name="TS001_SignInScripts_SignIn1_checkIntroductionPage" time="13.083"/>
  <testcase classname="TestCases.TS001_SignInScripts" name="TS001_SignInScripts_SignIn4_NullUsername" time="7.757"/>
  <testcase classname="TestCases.TS001_SignInScripts" name="TS001_SignInScripts_SignIn5_NullPassword" time="12.145"/>
  <testcase classname="TestCases.TS001_SignInScripts" name="TS001_SignInScripts_SignIn6_CheckErrorMessage" time="15.406"/>
  <testcase classname="TestCases.TS001_SignInScripts" name="TS001_SignInScripts_SignIn6_CheckErrorMessage" time="15.239"/>
  <testcase classname="TestCases.TS001_SignInScripts" name="TS001_SignInScripts_SignIn6_CheckErrorMessage" time="14.483"/>
  <testcase classname="TestCases.TS001_SignInScripts" name="TS001_SignInScripts_SignIn3_CheckSignInScreenDisplay" time="3.115"/>
  <testcase classname="TestCases.TS001_SignInScripts" name="TS001_SignInScripts_SignIn6_CheckErrorMessage" time="19.227"/>
  <testcase classname="TestCases.TS001_SignInScripts" name="TS001_SignInScripts_SignIn6_CheckErrorMessage" time="15.850"/>
</testsuite> <!-- TestCases.TS001_SignInScripts -->
