<?xml version="1.0" encoding="UTF-8"?>
<!-- Generated by org.testng.reporters.JUnitReportReporter -->
<testsuite hostname="Bis-Mac-mini.local" failures="0" tests="7" name="TestCases.TS003_GeneralScripts" time="113.880" errors="0" timestamp="05 Mar 2019 22:47:13 GMT" skipped="0">
  <testcase classname="TestCases.TS003_GeneralScripts" name="TS003_GeneralScripts_General2_OpenViewFromBottomBar" time="5.814"/>
  <testcase classname="TestCases.TS003_GeneralScripts" name="TS003_GeneralScripts_General1_checkStartFlo" time="18.061"/>
  <testcase classname="TestCases.TS003_GeneralScripts" name="TS003_GeneralScripts_General2_OpenViewFromBottomBar" time="5.775"/>
  <testcase classname="TestCases.TS003_GeneralScripts" name="TS003_GeneralScripts_General2_OpenViewFromBottomBar" time="12.922"/>
  <testcase classname="TestCases.TS003_GeneralScripts" name="TS003_GeneralScripts_General2_OpenViewFromBottomBar" time="9.366"/>
  <testcase classname="TestCases.TS003_GeneralScripts" name="TS003_GeneralScripts_General2_OpenViewFromBottomBar" time="13.210"/>
  <testcase classname="TestCases.TS003_GeneralScripts" name="TS003_GeneralScripts_General3_checkAllIconInBottomBar" time="48.732"/>
</testsuite> <!-- TestCases.TS003_GeneralScripts -->
