<?xml version="1.0" encoding="UTF-8"?>
<!-- Generated by org.testng.reporters.JUnitReportReporter -->
<testsuite hostname="Bis-Mac-mini.local" failures="0" tests="8" name="TestCases.TS008_ContactScripts03" time="1341.543" errors="0" timestamp="05 Mar 2019 22:47:13 GMT" skipped="0">
  <testcase classname="TestCases.TS008_ContactScripts03" name="TS008_ContactScripts03_Contact1_FilterByACollectionAddNewContact" time="167.444"/>
  <testcase classname="TestCases.TS008_ContactScripts03" name="TS008_ContactScripts03_Contact7_sendEmailFromDetail" time="149.393"/>
  <testcase classname="TestCases.TS008_ContactScripts03" name="TS008_ContactScripts03_Contact4_FilterByMultiCollectionAddNewVIPContact" time="161.541"/>
  <testcase classname="TestCases.TS008_ContactScripts03" name="TS008_ContactScripts03_Contact2_FilterByACollectionAddNewVIPContact" time="167.614"/>
  <testcase classname="TestCases.TS008_ContactScripts03" name="TS008_ContactScripts03_Contact8_addEventFromDetail" time="254.871"/>
  <testcase classname="TestCases.TS008_ContactScripts03" name="TS008_ContactScripts03_Contact5_checkNumberContact" time="102.246"/>
  <testcase classname="TestCases.TS008_ContactScripts03" name="TS008_ContactScripts03_Contact6_deleteContact" time="120.754"/>
  <testcase classname="TestCases.TS008_ContactScripts03" name="TS008_ContactScripts03_Contact3_FilterByMultiCollectionAddNewContact" time="217.680"/>
</testsuite> <!-- TestCases.TS008_ContactScripts03 -->
