<?xml version="1.0" encoding="UTF-8"?>
<!-- Generated by org.testng.reporters.JUnitReportReporter -->
<testsuite hostname="Bis-Mac-mini.local" failures="0" tests="10" name="TestCases.TS005_EmailScripts01" time="1676.311" errors="0" timestamp="05 Mar 2019 22:47:13 GMT" skipped="0">
  <testcase classname="TestCases.TS005_EmailScripts01" name="TS005_EmailScripts01_Email9_sendEmailHasImageAttached" time="255.265"/>
  <testcase classname="TestCases.TS005_EmailScripts01" name="TS005_EmailScripts01_Email3_composeThenCancelSaveDraftEmail" time="79.649"/>
  <testcase classname="TestCases.TS005_EmailScripts01" name="TS005_EmailScripts01_Email6_inputBccFieldThenSendEmail" time="228.397"/>
  <testcase classname="TestCases.TS005_EmailScripts01" name="TS005_EmailScripts01_Email0_verifyEmailView" time="26.367"/>
  <testcase classname="TestCases.TS005_EmailScripts01" name="TS005_EmailScripts01_Email8_sendEmailToInvalidAddress" time="76.723"/>
  <testcase classname="TestCases.TS005_EmailScripts01" name="TS005_EmailScripts01_Email5_inputCcFieldThenSendEmail" time="235.191"/>
  <testcase classname="TestCases.TS005_EmailScripts01" name="TS005_EmailScripts01_Email4_inputToFieldThenSendEmail" time="225.220"/>
  <testcase classname="TestCases.TS005_EmailScripts01" name="TS005_EmailScripts01_Email2_composeThenSaveDraftEmail" time="170.852"/>
  <testcase classname="TestCases.TS005_EmailScripts01" name="TS005_EmailScripts01_Email1_composeThenDeleteDraftEmail" time="141.582"/>
  <testcase classname="TestCases.TS005_EmailScripts01" name="TS005_EmailScripts01_Email7_sendEmailwithoutSubject" time="237.065"/>
</testsuite> <!-- TestCases.TS005_EmailScripts01 -->
