<?xml version="1.0" encoding="UTF-8"?>
<!-- Generated by org.testng.reporters.JUnitReportReporter -->
<testsuite hostname="Bis-Mac-mini.local" failures="0" tests="5" name="TestCases.TS010_CollectionScripts01" time="485.143" errors="0" timestamp="05 Mar 2019 22:47:13 GMT" skipped="0">
  <testcase classname="TestCases.TS010_CollectionScripts01" name="TS010_CollectionScripts01_Collection2_addNewEventFromPlusIcon" time="115.628"/>
  <testcase classname="TestCases.TS010_CollectionScripts01" name="TS010_CollectionScripts01_Collection1_verifyCollectionView" time="7.072"/>
  <testcase classname="TestCases.TS010_CollectionScripts01" name="TS010_CollectionScripts01_Collection4_addNewContactFromPlusIcon" time="155.952"/>
  <testcase classname="TestCases.TS010_CollectionScripts01" name="TS010_CollectionScripts01_Collection3_addNewTodoFromPlusIcon" time="98.787"/>
  <testcase classname="TestCases.TS010_CollectionScripts01" name="TS010_CollectionScripts01_Collection5_addNewNoteFromPlusIcon" time="107.704"/>
</testsuite> <!-- TestCases.TS010_CollectionScripts01 -->
