<?xml version="1.0" encoding="UTF-8"?>
<!-- Generated by org.testng.reporters.JUnitReportReporter -->
<testsuite hostname="Bis-Mac-mini.local" failures="0" tests="2" name="TestCases.TS004_SettingsScripts04" time="69.589" errors="0" timestamp="05 Mar 2019 22:47:13 GMT" skipped="0">
  <testcase classname="TestCases.TS004_SettingsScripts04" name="TS004_SettingsScripts04_SettingCalendars2_setShowPastEventsInCollectionView" time="13.449"/>
  <testcase classname="TestCases.TS004_SettingsScripts04" name="TS004_SettingsScripts04_SettingCalendars3_setWorkingHours" time="56.140"/>
</testsuite> <!-- TestCases.TS004_SettingsScripts04 -->
