<?xml version="1.0" encoding="UTF-8"?>
<!-- Generated by org.testng.reporters.JUnitReportReporter -->
<testsuite hostname="Bis-Mac-mini.local" failures="0" tests="1" name="TEST.Sample1" time="0.000" errors="0" timestamp="19 Sep 2018 09:46:18 GMT" skipped="0">
  <testcase classname="TEST.Sample1" name="TS001_Sample_Sample1" time="0.000"/>
</testsuite> <!-- TEST.Sample1 -->
