<?xml version="1.0" encoding="UTF-8"?>
<!-- Generated by org.testng.reporters.JUnitReportReporter -->
<testsuite hostname="Bis-Mac-mini.local" failures="0" tests="3" name="TestCases.TS006_AgendaScripts06" time="670.411" errors="0" timestamp="19 Sep 2018 22:25:13 GMT" skipped="0">
  <testcase classname="TestCases.TS006_AgendaScripts06" name="TS006_AgendaScripts06_Agenda3_checkEventDetails" time="96.565"/>
  <testcase classname="TestCases.TS006_AgendaScripts06" name="TS006_AgendaScripts06_Agenda2_addEventPlusIcon" time="358.976"/>
  <testcase classname="TestCases.TS006_AgendaScripts06" name="TS006_AgendaScripts06_Agenda1_checkWeekStartAgenda" time="214.870"/>
</testsuite> <!-- TestCases.TS006_AgendaScripts06 -->
