<?xml version="1.0" encoding="UTF-8"?>
<!-- Generated by org.testng.reporters.JUnitReportReporter -->
<testsuite hostname="Bis-Mac-mini.local" failures="0" tests="12" name="TestCases.TS004_SettingsScripts06" time="11002.204" errors="0" timestamp="19 Jan 2019 00:45:57 GMT" skipped="0">
  <testcase classname="TestCases.TS004_SettingsScripts06" name="TS004_SettingsScripts06_SettingCalendars1_setNormalEventAlert" time="923.078"/>
  <testcase classname="TestCases.TS004_SettingsScripts06" name="TS004_SettingsScripts06_SettingCalendars2_setAllDayEventAlert" time="911.990"/>
  <testcase classname="TestCases.TS004_SettingsScripts06" name="TS004_SettingsScripts06_SettingCalendars1_setNormalEventAlert" time="923.720"/>
  <testcase classname="TestCases.TS004_SettingsScripts06" name="TS004_SettingsScripts06_SettingCalendars1_setNormalEventAlert" time="912.158"/>
  <testcase classname="TestCases.TS004_SettingsScripts06" name="TS004_SettingsScripts06_SettingCalendars2_setAllDayEventAlert" time="908.763"/>
  <testcase classname="TestCases.TS004_SettingsScripts06" name="TS004_SettingsScripts06_SettingCalendars2_setAllDayEventAlert" time="909.378"/>
  <testcase classname="TestCases.TS004_SettingsScripts06" name="TS004_SettingsScripts06_SettingCalendars2_setAllDayEventAlert" time="909.829"/>
  <testcase classname="TestCases.TS004_SettingsScripts06" name="TS004_SettingsScripts06_SettingCalendars1_setNormalEventAlert" time="921.817"/>
  <testcase classname="TestCases.TS004_SettingsScripts06" name="TS004_SettingsScripts06_SettingCalendars2_setAllDayEventAlert" time="911.085"/>
  <testcase classname="TestCases.TS004_SettingsScripts06" name="TS004_SettingsScripts06_SettingCalendars2_setAllDayEventAlert" time="911.561"/>
  <testcase classname="TestCases.TS004_SettingsScripts06" name="TS004_SettingsScripts06_SettingCalendars1_setNormalEventAlert" time="942.063"/>
  <testcase classname="TestCases.TS004_SettingsScripts06" name="TS004_SettingsScripts06_SettingCalendars2_setAllDayEventAlert" time="916.762"/>
</testsuite> <!-- TestCases.TS004_SettingsScripts06 -->
