<?xml version="1.0" encoding="UTF-8"?>
<!-- Generated by org.testng.reporters.JUnitReportReporter -->
<testsuite hostname="Bis-Mac-mini.local" failures="0" tests="10" name="TestCases.TS009_NoteScripts01" time="511.562" errors="0" timestamp="05 Mar 2019 22:47:13 GMT" skipped="0">
  <testcase classname="TestCases.TS009_NoteScripts01" name="TS009_NoteScripts01_Note01_VerifyNoteView" time="14.194"/>
  <testcase classname="TestCases.TS009_NoteScripts01" name="TS009_NoteScripts01_Note06_checkNotificationAndDeleteDetails" time="22.747"/>
  <testcase classname="TestCases.TS009_NoteScripts01" name="TS009_NoteScripts01_Note08_AddQuickNoteWithStar" time="79.993"/>
  <testcase classname="TestCases.TS009_NoteScripts01" name="TS009_NoteScripts01_Note04_AddNoteFromPlusButton" time="49.823"/>
  <testcase classname="TestCases.TS009_NoteScripts01" name="TS009_NoteScripts01_Note02_checkCancelNotificationSwiping" time="29.731"/>
  <testcase classname="TestCases.TS009_NoteScripts01" name="TS009_NoteScripts01_Note10_UpdateNoteItem" time="194.483"/>
  <testcase classname="TestCases.TS009_NoteScripts01" name="TS009_NoteScripts01_Note03_checkNotificationAndDeleteSwiping" time="18.570"/>
  <testcase classname="TestCases.TS009_NoteScripts01" name="TS009_NoteScripts01_Note09_SearchNoteByKeyword" time="51.745"/>
  <testcase classname="TestCases.TS009_NoteScripts01" name="TS009_NoteScripts01_Note05_checkCancelNotificationDetails" time="32.314"/>
  <testcase classname="TestCases.TS009_NoteScripts01" name="TS009_NoteScripts01_Note07_AddQuickNote" time="17.962"/>
</testsuite> <!-- TestCases.TS009_NoteScripts01 -->
