<?xml version="1.0" encoding="UTF-8"?>
<!-- Generated by org.testng.reporters.JUnitReportReporter -->
<testsuite hostname="Bis-Mac-mini.local" failures="0" tests="8" name="TestCases.TS010_CollectionScripts06" time="724.373" errors="0" timestamp="05 Mar 2019 22:47:13 GMT" skipped="0">
  <testcase classname="TestCases.TS010_CollectionScripts06" name="TS010_CollectionScripts06_Collection6_searchAndAddTodo" time="62.774"/>
  <testcase classname="TestCases.TS010_CollectionScripts06" name="TS010_CollectionScripts06_Collection2_addNewTodoFromSuggestionList" time="112.294"/>
  <testcase classname="TestCases.TS010_CollectionScripts06" name="TS010_CollectionScripts06_Collection5_searchAndAddEvent" time="66.672"/>
  <testcase classname="TestCases.TS010_CollectionScripts06" name="TS010_CollectionScripts06_Collection7_searchAndAddNote" time="62.251"/>
  <testcase classname="TestCases.TS010_CollectionScripts06" name="TS010_CollectionScripts06_Collection1_addNewEventFromSuggestionList" time="112.808"/>
  <testcase classname="TestCases.TS010_CollectionScripts06" name="TS010_CollectionScripts06_Collection3_addNewContactFromSuggestionList" time="123.123"/>
  <testcase classname="TestCases.TS010_CollectionScripts06" name="TS010_CollectionScripts06_Collection8_searchAndAddContact" time="68.424"/>
  <testcase classname="TestCases.TS010_CollectionScripts06" name="TS010_CollectionScripts06_Collection4_addNewNoteFromSuggestionList" time="116.027"/>
</testsuite> <!-- TestCases.TS010_CollectionScripts06 -->
