<?xml version="1.0" encoding="UTF-8"?>
<!-- Generated by org.testng.reporters.JUnitReportReporter -->
<testsuite hostname="Bis-Mac-mini.local" failures="0" tests="13" name="TestCases.TS005_EmailScripts02" time="3099.261" errors="0" timestamp="05 Mar 2019 22:47:13 GMT" skipped="1">
  <testcase classname="TestCases.TS005_EmailScripts02" name="TS005_EmailScripts02_Email7_moveEmailToOtherImapBySwipe" time="232.986"/>
  <testcase classname="TestCases.TS005_EmailScripts02" name="TS005_EmailScripts02_Email6_addTodoBySwipe4" time="109.364"/>
  <testcase classname="TestCases.TS005_EmailScripts02" name="TS005_EmailScripts02_Email6_addTodoBySwipe2" time="96.872"/>
  <testcase classname="TestCases.TS005_EmailScripts02" name="TS005_EmailScripts02_Email1_replyEmailBySwipe" time="375.039"/>
  <testcase classname="TestCases.TS005_EmailScripts02" name="TS005_EmailScripts02_Email3_forwardEmailBySwipe" time="404.629"/>
  <testcase classname="TestCases.TS005_EmailScripts02" name="TS005_EmailScripts02_Email6_addTodoBySwipe3" time="96.849"/>
  <testcase classname="TestCases.TS005_EmailScripts02" name="TS005_EmailScripts02_Email2_replyAllEmailBySwipe" time="401.995"/>
  <testcase classname="TestCases.TS005_EmailScripts02" name="TS005_EmailScripts02_Email6_addTodoBySwipe1" time="220.111"/>
  <testcase classname="TestCases.TS005_EmailScripts02" name="TS005_EmailScripts02_Email1_replyEmailBySwipe" time="352.433">
    <skipped/>
  </testcase> <!-- TS005_EmailScripts02_Email1_replyEmailBySwipe -->
  <testcase classname="TestCases.TS005_EmailScripts02" name="TS005_EmailScripts02_Email4_deleteEmailBySwipe" time="29.221"/>
  <testcase classname="TestCases.TS005_EmailScripts02" name="TS005_EmailScripts02_Email5_addEventBySwipe" time="291.167"/>
  <testcase classname="TestCases.TS005_EmailScripts02" name="TS005_EmailScripts02_Email8_addEmailToCollectionBySwipe" time="216.801"/>
  <testcase classname="TestCases.TS005_EmailScripts02" name="TS005_EmailScripts02_Email9_moveEmailToOtherCollectionBySwipe" time="271.794"/>
</testsuite> <!-- TestCases.TS005_EmailScripts02 -->
