<?xml version="1.0" encoding="UTF-8"?>
<!-- Generated by org.testng.reporters.JUnitReportReporter -->
<testsuite hostname="Bis-Mac-mini.local" failures="0" tests="479" name="TestCases.TS002_SignUpScripts02" time="7771.290" errors="0" timestamp="05 Mar 2019 22:47:13 GMT" skipped="0">
  <testcase classname="TestCases.TS002_SignUpScripts02" name="TS002_SignUpScripts02_SignUp2_BadWordsFloAccountName" time="17.079"/>
  <testcase classname="TestCases.TS002_SignUpScripts02" name="TS002_SignUpScripts02_SignUp2_BadWordsFloAccountName" time="16.573"/>
  <testcase classname="TestCases.TS002_SignUpScripts02" name="TS002_SignUpScripts02_SignUp2_BadWordsFloAccountName" time="16.627"/>
  <testcase classname="TestCases.TS002_SignUpScripts02" name="TS002_SignUpScripts02_SignUp2_BadWordsFloAccountName" time="15.575"/>
  <testcase classname="TestCases.TS002_SignUpScripts02" name="TS002_SignUpScripts02_SignUp2_BadWordsFloAccountName" time="16.297"/>
  <testcase classname="TestCases.TS002_SignUpScripts02" name="TS002_SignUpScripts02_SignUp2_BadWordsFloAccountName" time="16.685"/>
  <testcase classname="TestCases.TS002_SignUpScripts02" name="TS002_SignUpScripts02_SignUp2_BadWordsFloAccountName" time="15.615"/>
  <testcase classname="TestCases.TS002_SignUpScripts02" name="TS002_SignUpScripts02_SignUp2_BadWordsFloAccountName" time="16.883"/>
  <testcase classname="TestCases.TS002_SignUpScripts02" name="TS002_SignUpScripts02_SignUp2_BadWordsFloAccountName" time="16.276"/>
  <testcase classname="TestCases.TS002_SignUpScripts02" name="TS002_SignUpScripts02_SignUp2_BadWordsFloAccountName" time="16.144"/>
  <testcase classname="TestCases.TS002_SignUpScripts02" name="TS002_SignUpScripts02_SignUp2_BadWordsFloAccountName" time="16.847"/>
  <testcase classname="TestCases.TS002_SignUpScripts02" name="TS002_SignUpScripts02_SignUp2_BadWordsFloAccountName" time="16.706"/>
  <testcase classname="TestCases.TS002_SignUpScripts02" name="TS002_SignUpScripts02_SignUp2_BadWordsFloAccountName" time="16.600"/>
  <testcase classname="TestCases.TS002_SignUpScripts02" name="TS002_SignUpScripts02_SignUp2_BadWordsFloAccountName" time="16.523"/>
  <testcase classname="TestCases.TS002_SignUpScripts02" name="TS002_SignUpScripts02_SignUp1_SensitiveFloAccountName" time="16.820"/>
  <testcase classname="TestCases.TS002_SignUpScripts02" name="TS002_SignUpScripts02_SignUp2_BadWordsFloAccountName" time="16.500"/>
  <testcase classname="TestCases.TS002_SignUpScripts02" name="TS002_SignUpScripts02_SignUp1_SensitiveFloAccountName" time="16.627"/>
  <testcase classname="TestCases.TS002_SignUpScripts02" name="TS002_SignUpScripts02_SignUp1_SensitiveFloAccountName" time="16.678"/>
  <testcase classname="TestCases.TS002_SignUpScripts02" name="TS002_SignUpScripts02_SignUp2_BadWordsFloAccountName" time="16.427"/>
  <testcase classname="TestCases.TS002_SignUpScripts02" name="TS002_SignUpScripts02_SignUp2_BadWordsFloAccountName" time="16.200"/>
  <testcase classname="TestCases.TS002_SignUpScripts02" name="TS002_SignUpScripts02_SignUp2_BadWordsFloAccountName" time="17.281"/>
  <testcase classname="TestCases.TS002_SignUpScripts02" name="TS002_SignUpScripts02_SignUp2_BadWordsFloAccountName" time="16.895"/>
  <testcase classname="TestCases.TS002_SignUpScripts02" name="TS002_SignUpScripts02_SignUp1_SensitiveFloAccountName" time="16.787"/>
  <testcase classname="TestCases.TS002_SignUpScripts02" name="TS002_SignUpScripts02_SignUp2_BadWordsFloAccountName" time="17.371"/>
  <testcase classname="TestCases.TS002_SignUpScripts02" name="TS002_SignUpScripts02_SignUp2_BadWordsFloAccountName" time="16.980"/>
  <testcase classname="TestCases.TS002_SignUpScripts02" name="TS002_SignUpScripts02_SignUp2_BadWordsFloAccountName" time="16.303"/>
  <testcase classname="TestCases.TS002_SignUpScripts02" name="TS002_SignUpScripts02_SignUp2_BadWordsFloAccountName" time="16.198"/>
  <testcase classname="TestCases.TS002_SignUpScripts02" name="TS002_SignUpScripts02_SignUp3_BadWordsFloAccountName" time="12.948"/>
  <testcase classname="TestCases.TS002_SignUpScripts02" name="TS002_SignUpScripts02_SignUp2_BadWordsFloAccountName" time="16.646"/>
  <testcase classname="TestCases.TS002_SignUpScripts02" name="TS002_SignUpScripts02_SignUp2_BadWordsFloAccountName" time="16.653"/>
  <testcase classname="TestCases.TS002_SignUpScripts02" name="TS002_SignUpScripts02_SignUp2_BadWordsFloAccountName" time="16.827"/>
  <testcase classname="TestCases.TS002_SignUpScripts02" name="TS002_SignUpScripts02_SignUp2_BadWordsFloAccountName" time="16.237"/>
  <testcase classname="TestCases.TS002_SignUpScripts02" name="TS002_SignUpScripts02_SignUp2_BadWordsFloAccountName" time="16.501"/>
  <testcase classname="TestCases.TS002_SignUpScripts02" name="TS002_SignUpScripts02_SignUp2_BadWordsFloAccountName" time="16.994"/>
  <testcase classname="TestCases.TS002_SignUpScripts02" name="TS002_SignUpScripts02_SignUp2_BadWordsFloAccountName" time="16.217"/>
  <testcase classname="TestCases.TS002_SignUpScripts02" name="TS002_SignUpScripts02_SignUp2_BadWordsFloAccountName" time="17.330"/>
  <testcase classname="TestCases.TS002_SignUpScripts02" name="TS002_SignUpScripts02_SignUp2_BadWordsFloAccountName" time="16.971"/>
  <testcase classname="TestCases.TS002_SignUpScripts02" name="TS002_SignUpScripts02_SignUp2_BadWordsFloAccountName" time="16.299"/>
  <testcase classname="TestCases.TS002_SignUpScripts02" name="TS002_SignUpScripts02_SignUp2_BadWordsFloAccountName" time="16.190"/>
  <testcase classname="TestCases.TS002_SignUpScripts02" name="TS002_SignUpScripts02_SignUp2_BadWordsFloAccountName" time="16.172"/>
  <testcase classname="TestCases.TS002_SignUpScripts02" name="TS002_SignUpScripts02_SignUp2_BadWordsFloAccountName" time="16.798"/>
  <testcase classname="TestCases.TS002_SignUpScripts02" name="TS002_SignUpScripts02_SignUp2_BadWordsFloAccountName" time="15.851"/>
  <testcase classname="TestCases.TS002_SignUpScripts02" name="TS002_SignUpScripts02_SignUp1_SensitiveFloAccountName" time="16.134"/>
  <testcase classname="TestCases.TS002_SignUpScripts02" name="TS002_SignUpScripts02_SignUp2_BadWordsFloAccountName" time="16.289"/>
  <testcase classname="TestCases.TS002_SignUpScripts02" name="TS002_SignUpScripts02_SignUp2_BadWordsFloAccountName" time="15.647"/>
  <testcase classname="TestCases.TS002_SignUpScripts02" name="TS002_SignUpScripts02_SignUp2_BadWordsFloAccountName" time="16.245"/>
  <testcase classname="TestCases.TS002_SignUpScripts02" name="TS002_SignUpScripts02_SignUp2_BadWordsFloAccountName" time="17.821"/>
  <testcase classname="TestCases.TS002_SignUpScripts02" name="TS002_SignUpScripts02_SignUp2_BadWordsFloAccountName" time="16.817"/>
  <testcase classname="TestCases.TS002_SignUpScripts02" name="TS002_SignUpScripts02_SignUp2_BadWordsFloAccountName" time="16.222"/>
  <testcase classname="TestCases.TS002_SignUpScripts02" name="TS002_SignUpScripts02_SignUp2_BadWordsFloAccountName" time="15.432"/>
  <testcase classname="TestCases.TS002_SignUpScripts02" name="TS002_SignUpScripts02_SignUp2_BadWordsFloAccountName" time="16.866"/>
  <testcase classname="TestCases.TS002_SignUpScripts02" name="TS002_SignUpScripts02_SignUp2_BadWordsFloAccountName" time="16.307"/>
  <testcase classname="TestCases.TS002_SignUpScripts02" name="TS002_SignUpScripts02_SignUp2_BadWordsFloAccountName" time="16.992"/>
  <testcase classname="TestCases.TS002_SignUpScripts02" name="TS002_SignUpScripts02_SignUp2_BadWordsFloAccountName" time="16.250"/>
  <testcase classname="TestCases.TS002_SignUpScripts02" name="TS002_SignUpScripts02_SignUp2_BadWordsFloAccountName" time="16.878"/>
  <testcase classname="TestCases.TS002_SignUpScripts02" name="TS002_SignUpScripts02_SignUp2_BadWordsFloAccountName" time="16.047"/>
  <testcase classname="TestCases.TS002_SignUpScripts02" name="TS002_SignUpScripts02_SignUp2_BadWordsFloAccountName" time="17.358"/>
  <testcase classname="TestCases.TS002_SignUpScripts02" name="TS002_SignUpScripts02_SignUp2_BadWordsFloAccountName" time="16.053"/>
  <testcase classname="TestCases.TS002_SignUpScripts02" name="TS002_SignUpScripts02_SignUp2_BadWordsFloAccountName" time="16.649"/>
  <testcase classname="TestCases.TS002_SignUpScripts02" name="TS002_SignUpScripts02_SignUp2_BadWordsFloAccountName" time="16.198"/>
  <testcase classname="TestCases.TS002_SignUpScripts02" name="TS002_SignUpScripts02_SignUp2_BadWordsFloAccountName" time="16.071"/>
  <testcase classname="TestCases.TS002_SignUpScripts02" name="TS002_SignUpScripts02_SignUp2_BadWordsFloAccountName" time="16.250"/>
  <testcase classname="TestCases.TS002_SignUpScripts02" name="TS002_SignUpScripts02_SignUp2_BadWordsFloAccountName" time="15.587"/>
  <testcase classname="TestCases.TS002_SignUpScripts02" name="TS002_SignUpScripts02_SignUp2_BadWordsFloAccountName" time="16.349"/>
  <testcase classname="TestCases.TS002_SignUpScripts02" name="TS002_SignUpScripts02_SignUp2_BadWordsFloAccountName" time="16.887"/>
  <testcase classname="TestCases.TS002_SignUpScripts02" name="TS002_SignUpScripts02_SignUp2_BadWordsFloAccountName" time="17.111"/>
  <testcase classname="TestCases.TS002_SignUpScripts02" name="TS002_SignUpScripts02_SignUp3_BadWordsFloAccountName" time="12.099"/>
  <testcase classname="TestCases.TS002_SignUpScripts02" name="TS002_SignUpScripts02_SignUp2_BadWordsFloAccountName" time="17.404"/>
  <testcase classname="TestCases.TS002_SignUpScripts02" name="TS002_SignUpScripts02_SignUp2_BadWordsFloAccountName" time="16.638"/>
  <testcase classname="TestCases.TS002_SignUpScripts02" name="TS002_SignUpScripts02_SignUp2_BadWordsFloAccountName" time="16.530"/>
  <testcase classname="TestCases.TS002_SignUpScripts02" name="TS002_SignUpScripts02_SignUp2_BadWordsFloAccountName" time="17.197"/>
  <testcase classname="TestCases.TS002_SignUpScripts02" name="TS002_SignUpScripts02_SignUp2_BadWordsFloAccountName" time="16.369"/>
  <testcase classname="TestCases.TS002_SignUpScripts02" name="TS002_SignUpScripts02_SignUp2_BadWordsFloAccountName" time="16.568"/>
  <testcase classname="TestCases.TS002_SignUpScripts02" name="TS002_SignUpScripts02_SignUp2_BadWordsFloAccountName" time="16.153"/>
  <testcase classname="TestCases.TS002_SignUpScripts02" name="TS002_SignUpScripts02_SignUp2_BadWordsFloAccountName" time="16.914"/>
  <testcase classname="TestCases.TS002_SignUpScripts02" name="TS002_SignUpScripts02_SignUp2_BadWordsFloAccountName" time="16.277"/>
  <testcase classname="TestCases.TS002_SignUpScripts02" name="TS002_SignUpScripts02_SignUp2_BadWordsFloAccountName" time="16.496"/>
  <testcase classname="TestCases.TS002_SignUpScripts02" name="TS002_SignUpScripts02_SignUp2_BadWordsFloAccountName" time="16.677"/>
  <testcase classname="TestCases.TS002_SignUpScripts02" name="TS002_SignUpScripts02_SignUp2_BadWordsFloAccountName" time="17.106"/>
  <testcase classname="TestCases.TS002_SignUpScripts02" name="TS002_SignUpScripts02_SignUp2_BadWordsFloAccountName" time="16.637"/>
  <testcase classname="TestCases.TS002_SignUpScripts02" name="TS002_SignUpScripts02_SignUp2_BadWordsFloAccountName" time="15.765"/>
  <testcase classname="TestCases.TS002_SignUpScripts02" name="TS002_SignUpScripts02_SignUp2_BadWordsFloAccountName" time="16.138"/>
  <testcase classname="TestCases.TS002_SignUpScripts02" name="TS002_SignUpScripts02_SignUp2_BadWordsFloAccountName" time="17.197"/>
  <testcase classname="TestCases.TS002_SignUpScripts02" name="TS002_SignUpScripts02_SignUp2_BadWordsFloAccountName" time="15.718"/>
  <testcase classname="TestCases.TS002_SignUpScripts02" name="TS002_SignUpScripts02_SignUp2_BadWordsFloAccountName" time="17.225"/>
  <testcase classname="TestCases.TS002_SignUpScripts02" name="TS002_SignUpScripts02_SignUp2_BadWordsFloAccountName" time="15.862"/>
  <testcase classname="TestCases.TS002_SignUpScripts02" name="TS002_SignUpScripts02_SignUp2_BadWordsFloAccountName" time="15.884"/>
  <testcase classname="TestCases.TS002_SignUpScripts02" name="TS002_SignUpScripts02_SignUp2_BadWordsFloAccountName" time="16.972"/>
  <testcase classname="TestCases.TS002_SignUpScripts02" name="TS002_SignUpScripts02_SignUp1_SensitiveFloAccountName" time="16.474"/>
  <testcase classname="TestCases.TS002_SignUpScripts02" name="TS002_SignUpScripts02_SignUp2_BadWordsFloAccountName" time="16.047"/>
  <testcase classname="TestCases.TS002_SignUpScripts02" name="TS002_SignUpScripts02_SignUp2_BadWordsFloAccountName" time="16.869"/>
  <testcase classname="TestCases.TS002_SignUpScripts02" name="TS002_SignUpScripts02_SignUp2_BadWordsFloAccountName" time="16.252"/>
  <testcase classname="TestCases.TS002_SignUpScripts02" name="TS002_SignUpScripts02_SignUp2_BadWordsFloAccountName" time="16.256"/>
  <testcase classname="TestCases.TS002_SignUpScripts02" name="TS002_SignUpScripts02_SignUp2_BadWordsFloAccountName" time="16.010"/>
  <testcase classname="TestCases.TS002_SignUpScripts02" name="TS002_SignUpScripts02_SignUp2_BadWordsFloAccountName" time="15.593"/>
  <testcase classname="TestCases.TS002_SignUpScripts02" name="TS002_SignUpScripts02_SignUp2_BadWordsFloAccountName" time="17.004"/>
  <testcase classname="TestCases.TS002_SignUpScripts02" name="TS002_SignUpScripts02_SignUp2_BadWordsFloAccountName" time="16.817"/>
  <testcase classname="TestCases.TS002_SignUpScripts02" name="TS002_SignUpScripts02_SignUp2_BadWordsFloAccountName" time="15.826"/>
  <testcase classname="TestCases.TS002_SignUpScripts02" name="TS002_SignUpScripts02_SignUp2_BadWordsFloAccountName" time="16.650"/>
  <testcase classname="TestCases.TS002_SignUpScripts02" name="TS002_SignUpScripts02_SignUp2_BadWordsFloAccountName" time="17.101"/>
  <testcase classname="TestCases.TS002_SignUpScripts02" name="TS002_SignUpScripts02_SignUp2_BadWordsFloAccountName" time="16.390"/>
  <testcase classname="TestCases.TS002_SignUpScripts02" name="TS002_SignUpScripts02_SignUp2_BadWordsFloAccountName" time="15.989"/>
  <testcase classname="TestCases.TS002_SignUpScripts02" name="TS002_SignUpScripts02_SignUp2_BadWordsFloAccountName" time="16.852"/>
  <testcase classname="TestCases.TS002_SignUpScripts02" name="TS002_SignUpScripts02_SignUp2_BadWordsFloAccountName" time="16.881"/>
  <testcase classname="TestCases.TS002_SignUpScripts02" name="TS002_SignUpScripts02_SignUp2_BadWordsFloAccountName" time="16.704"/>
  <testcase classname="TestCases.TS002_SignUpScripts02" name="TS002_SignUpScripts02_SignUp2_BadWordsFloAccountName" time="16.476"/>
  <testcase classname="TestCases.TS002_SignUpScripts02" name="TS002_SignUpScripts02_SignUp2_BadWordsFloAccountName" time="16.264"/>
  <testcase classname="TestCases.TS002_SignUpScripts02" name="TS002_SignUpScripts02_SignUp2_BadWordsFloAccountName" time="16.528"/>
  <testcase classname="TestCases.TS002_SignUpScripts02" name="TS002_SignUpScripts02_SignUp3_BadWordsFloAccountName" time="12.103"/>
  <testcase classname="TestCases.TS002_SignUpScripts02" name="TS002_SignUpScripts02_SignUp2_BadWordsFloAccountName" time="16.880"/>
  <testcase classname="TestCases.TS002_SignUpScripts02" name="TS002_SignUpScripts02_SignUp2_BadWordsFloAccountName" time="16.455"/>
  <testcase classname="TestCases.TS002_SignUpScripts02" name="TS002_SignUpScripts02_SignUp2_BadWordsFloAccountName" time="15.956"/>
  <testcase classname="TestCases.TS002_SignUpScripts02" name="TS002_SignUpScripts02_SignUp2_BadWordsFloAccountName" time="16.390"/>
  <testcase classname="TestCases.TS002_SignUpScripts02" name="TS002_SignUpScripts02_SignUp1_SensitiveFloAccountName" time="17.412"/>
  <testcase classname="TestCases.TS002_SignUpScripts02" name="TS002_SignUpScripts02_SignUp3_BadWordsFloAccountName" time="12.399"/>
  <testcase classname="TestCases.TS002_SignUpScripts02" name="TS002_SignUpScripts02_SignUp2_BadWordsFloAccountName" time="15.695"/>
  <testcase classname="TestCases.TS002_SignUpScripts02" name="TS002_SignUpScripts02_SignUp2_BadWordsFloAccountName" time="17.049"/>
  <testcase classname="TestCases.TS002_SignUpScripts02" name="TS002_SignUpScripts02_SignUp2_BadWordsFloAccountName" time="16.233"/>
  <testcase classname="TestCases.TS002_SignUpScripts02" name="TS002_SignUpScripts02_SignUp2_BadWordsFloAccountName" time="16.549"/>
  <testcase classname="TestCases.TS002_SignUpScripts02" name="TS002_SignUpScripts02_SignUp2_BadWordsFloAccountName" time="16.411"/>
  <testcase classname="TestCases.TS002_SignUpScripts02" name="TS002_SignUpScripts02_SignUp3_BadWordsFloAccountName" time="12.570"/>
  <testcase classname="TestCases.TS002_SignUpScripts02" name="TS002_SignUpScripts02_SignUp1_SensitiveFloAccountName" time="16.127"/>
  <testcase classname="TestCases.TS002_SignUpScripts02" name="TS002_SignUpScripts02_SignUp2_BadWordsFloAccountName" time="16.873"/>
  <testcase classname="TestCases.TS002_SignUpScripts02" name="TS002_SignUpScripts02_SignUp2_BadWordsFloAccountName" time="16.217"/>
  <testcase classname="TestCases.TS002_SignUpScripts02" name="TS002_SignUpScripts02_SignUp2_BadWordsFloAccountName" time="16.755"/>
  <testcase classname="TestCases.TS002_SignUpScripts02" name="TS002_SignUpScripts02_SignUp2_BadWordsFloAccountName" time="17.022"/>
  <testcase classname="TestCases.TS002_SignUpScripts02" name="TS002_SignUpScripts02_SignUp2_BadWordsFloAccountName" time="16.897"/>
  <testcase classname="TestCases.TS002_SignUpScripts02" name="TS002_SignUpScripts02_SignUp2_BadWordsFloAccountName" time="17.053"/>
  <testcase classname="TestCases.TS002_SignUpScripts02" name="TS002_SignUpScripts02_SignUp2_BadWordsFloAccountName" time="17.146"/>
  <testcase classname="TestCases.TS002_SignUpScripts02" name="TS002_SignUpScripts02_SignUp2_BadWordsFloAccountName" time="16.400"/>
  <testcase classname="TestCases.TS002_SignUpScripts02" name="TS002_SignUpScripts02_SignUp2_BadWordsFloAccountName" time="15.824"/>
  <testcase classname="TestCases.TS002_SignUpScripts02" name="TS002_SignUpScripts02_SignUp2_BadWordsFloAccountName" time="16.942"/>
  <testcase classname="TestCases.TS002_SignUpScripts02" name="TS002_SignUpScripts02_SignUp2_BadWordsFloAccountName" time="17.129"/>
  <testcase classname="TestCases.TS002_SignUpScripts02" name="TS002_SignUpScripts02_SignUp2_BadWordsFloAccountName" time="16.181"/>
  <testcase classname="TestCases.TS002_SignUpScripts02" name="TS002_SignUpScripts02_SignUp2_BadWordsFloAccountName" time="16.211"/>
  <testcase classname="TestCases.TS002_SignUpScripts02" name="TS002_SignUpScripts02_SignUp2_BadWordsFloAccountName" time="15.984"/>
  <testcase classname="TestCases.TS002_SignUpScripts02" name="TS002_SignUpScripts02_SignUp2_BadWordsFloAccountName" time="16.171"/>
  <testcase classname="TestCases.TS002_SignUpScripts02" name="TS002_SignUpScripts02_SignUp2_BadWordsFloAccountName" time="16.811"/>
  <testcase classname="TestCases.TS002_SignUpScripts02" name="TS002_SignUpScripts02_SignUp2_BadWordsFloAccountName" time="16.804"/>
  <testcase classname="TestCases.TS002_SignUpScripts02" name="TS002_SignUpScripts02_SignUp2_BadWordsFloAccountName" time="16.975"/>
  <testcase classname="TestCases.TS002_SignUpScripts02" name="TS002_SignUpScripts02_SignUp2_BadWordsFloAccountName" time="16.407"/>
  <testcase classname="TestCases.TS002_SignUpScripts02" name="TS002_SignUpScripts02_SignUp2_BadWordsFloAccountName" time="16.043"/>
  <testcase classname="TestCases.TS002_SignUpScripts02" name="TS002_SignUpScripts02_SignUp2_BadWordsFloAccountName" time="15.571"/>
  <testcase classname="TestCases.TS002_SignUpScripts02" name="TS002_SignUpScripts02_SignUp3_BadWordsFloAccountName" time="11.901"/>
  <testcase classname="TestCases.TS002_SignUpScripts02" name="TS002_SignUpScripts02_SignUp2_BadWordsFloAccountName" time="17.032"/>
  <testcase classname="TestCases.TS002_SignUpScripts02" name="TS002_SignUpScripts02_SignUp2_BadWordsFloAccountName" time="16.129"/>
  <testcase classname="TestCases.TS002_SignUpScripts02" name="TS002_SignUpScripts02_SignUp2_BadWordsFloAccountName" time="16.296"/>
  <testcase classname="TestCases.TS002_SignUpScripts02" name="TS002_SignUpScripts02_SignUp3_BadWordsFloAccountName" time="12.052"/>
  <testcase classname="TestCases.TS002_SignUpScripts02" name="TS002_SignUpScripts02_SignUp2_BadWordsFloAccountName" time="16.159"/>
  <testcase classname="TestCases.TS002_SignUpScripts02" name="TS002_SignUpScripts02_SignUp2_BadWordsFloAccountName" time="15.922"/>
  <testcase classname="TestCases.TS002_SignUpScripts02" name="TS002_SignUpScripts02_SignUp2_BadWordsFloAccountName" time="16.280"/>
  <testcase classname="TestCases.TS002_SignUpScripts02" name="TS002_SignUpScripts02_SignUp2_BadWordsFloAccountName" time="16.934"/>
  <testcase classname="TestCases.TS002_SignUpScripts02" name="TS002_SignUpScripts02_SignUp2_BadWordsFloAccountName" time="16.791"/>
  <testcase classname="TestCases.TS002_SignUpScripts02" name="TS002_SignUpScripts02_SignUp2_BadWordsFloAccountName" time="16.673"/>
  <testcase classname="TestCases.TS002_SignUpScripts02" name="TS002_SignUpScripts02_SignUp2_BadWordsFloAccountName" time="16.650"/>
  <testcase classname="TestCases.TS002_SignUpScripts02" name="TS002_SignUpScripts02_SignUp2_BadWordsFloAccountName" time="16.594"/>
  <testcase classname="TestCases.TS002_SignUpScripts02" name="TS002_SignUpScripts02_SignUp2_BadWordsFloAccountName" time="17.185"/>
  <testcase classname="TestCases.TS002_SignUpScripts02" name="TS002_SignUpScripts02_SignUp2_BadWordsFloAccountName" time="16.686"/>
  <testcase classname="TestCases.TS002_SignUpScripts02" name="TS002_SignUpScripts02_SignUp2_BadWordsFloAccountName" time="16.417"/>
  <testcase classname="TestCases.TS002_SignUpScripts02" name="TS002_SignUpScripts02_SignUp2_BadWordsFloAccountName" time="16.331"/>
  <testcase classname="TestCases.TS002_SignUpScripts02" name="TS002_SignUpScripts02_SignUp2_BadWordsFloAccountName" time="16.629"/>
  <testcase classname="TestCases.TS002_SignUpScripts02" name="TS002_SignUpScripts02_SignUp2_BadWordsFloAccountName" time="17.171"/>
  <testcase classname="TestCases.TS002_SignUpScripts02" name="TS002_SignUpScripts02_SignUp2_BadWordsFloAccountName" time="15.706"/>
  <testcase classname="TestCases.TS002_SignUpScripts02" name="TS002_SignUpScripts02_SignUp2_BadWordsFloAccountName" time="16.136"/>
  <testcase classname="TestCases.TS002_SignUpScripts02" name="TS002_SignUpScripts02_SignUp2_BadWordsFloAccountName" time="16.724"/>
  <testcase classname="TestCases.TS002_SignUpScripts02" name="TS002_SignUpScripts02_SignUp2_BadWordsFloAccountName" time="16.258"/>
  <testcase classname="TestCases.TS002_SignUpScripts02" name="TS002_SignUpScripts02_SignUp2_BadWordsFloAccountName" time="17.182"/>
  <testcase classname="TestCases.TS002_SignUpScripts02" name="TS002_SignUpScripts02_SignUp2_BadWordsFloAccountName" time="16.686"/>
  <testcase classname="TestCases.TS002_SignUpScripts02" name="TS002_SignUpScripts02_SignUp2_BadWordsFloAccountName" time="16.196"/>
  <testcase classname="TestCases.TS002_SignUpScripts02" name="TS002_SignUpScripts02_SignUp3_BadWordsFloAccountName" time="12.451"/>
  <testcase classname="TestCases.TS002_SignUpScripts02" name="TS002_SignUpScripts02_SignUp2_BadWordsFloAccountName" time="16.188"/>
  <testcase classname="TestCases.TS002_SignUpScripts02" name="TS002_SignUpScripts02_SignUp2_BadWordsFloAccountName" time="15.900"/>
  <testcase classname="TestCases.TS002_SignUpScripts02" name="TS002_SignUpScripts02_SignUp2_BadWordsFloAccountName" time="16.251"/>
  <testcase classname="TestCases.TS002_SignUpScripts02" name="TS002_SignUpScripts02_SignUp2_BadWordsFloAccountName" time="16.855"/>
  <testcase classname="TestCases.TS002_SignUpScripts02" name="TS002_SignUpScripts02_SignUp2_BadWordsFloAccountName" time="16.192"/>
  <testcase classname="TestCases.TS002_SignUpScripts02" name="TS002_SignUpScripts02_SignUp2_BadWordsFloAccountName" time="15.894"/>
  <testcase classname="TestCases.TS002_SignUpScripts02" name="TS002_SignUpScripts02_SignUp2_BadWordsFloAccountName" time="16.334"/>
  <testcase classname="TestCases.TS002_SignUpScripts02" name="TS002_SignUpScripts02_SignUp2_BadWordsFloAccountName" time="15.748"/>
  <testcase classname="TestCases.TS002_SignUpScripts02" name="TS002_SignUpScripts02_SignUp2_BadWordsFloAccountName" time="16.378"/>
  <testcase classname="TestCases.TS002_SignUpScripts02" name="TS002_SignUpScripts02_SignUp2_BadWordsFloAccountName" time="16.379"/>
  <testcase classname="TestCases.TS002_SignUpScripts02" name="TS002_SignUpScripts02_SignUp2_BadWordsFloAccountName" time="16.342"/>
  <testcase classname="TestCases.TS002_SignUpScripts02" name="TS002_SignUpScripts02_SignUp2_BadWordsFloAccountName" time="16.657"/>
  <testcase classname="TestCases.TS002_SignUpScripts02" name="TS002_SignUpScripts02_SignUp2_BadWordsFloAccountName" time="16.356"/>
  <testcase classname="TestCases.TS002_SignUpScripts02" name="TS002_SignUpScripts02_SignUp2_BadWordsFloAccountName" time="16.525"/>
  <testcase classname="TestCases.TS002_SignUpScripts02" name="TS002_SignUpScripts02_SignUp1_SensitiveFloAccountName" time="16.460"/>
  <testcase classname="TestCases.TS002_SignUpScripts02" name="TS002_SignUpScripts02_SignUp2_BadWordsFloAccountName" time="17.083"/>
  <testcase classname="TestCases.TS002_SignUpScripts02" name="TS002_SignUpScripts02_SignUp3_BadWordsFloAccountName" time="12.152"/>
  <testcase classname="TestCases.TS002_SignUpScripts02" name="TS002_SignUpScripts02_SignUp2_BadWordsFloAccountName" time="16.204"/>
  <testcase classname="TestCases.TS002_SignUpScripts02" name="TS002_SignUpScripts02_SignUp2_BadWordsFloAccountName" time="16.571"/>
  <testcase classname="TestCases.TS002_SignUpScripts02" name="TS002_SignUpScripts02_SignUp2_BadWordsFloAccountName" time="16.698"/>
  <testcase classname="TestCases.TS002_SignUpScripts02" name="TS002_SignUpScripts02_SignUp1_SensitiveFloAccountName" time="16.696"/>
  <testcase classname="TestCases.TS002_SignUpScripts02" name="TS002_SignUpScripts02_SignUp1_SensitiveFloAccountName" time="16.417"/>
  <testcase classname="TestCases.TS002_SignUpScripts02" name="TS002_SignUpScripts02_SignUp2_BadWordsFloAccountName" time="17.190"/>
  <testcase classname="TestCases.TS002_SignUpScripts02" name="TS002_SignUpScripts02_SignUp2_BadWordsFloAccountName" time="16.461"/>
  <testcase classname="TestCases.TS002_SignUpScripts02" name="TS002_SignUpScripts02_SignUp3_BadWordsFloAccountName" time="12.160"/>
  <testcase classname="TestCases.TS002_SignUpScripts02" name="TS002_SignUpScripts02_SignUp2_BadWordsFloAccountName" time="16.267"/>
  <testcase classname="TestCases.TS002_SignUpScripts02" name="TS002_SignUpScripts02_SignUp2_BadWordsFloAccountName" time="17.470"/>
  <testcase classname="TestCases.TS002_SignUpScripts02" name="TS002_SignUpScripts02_SignUp2_BadWordsFloAccountName" time="16.033"/>
  <testcase classname="TestCases.TS002_SignUpScripts02" name="TS002_SignUpScripts02_SignUp2_BadWordsFloAccountName" time="15.605"/>
  <testcase classname="TestCases.TS002_SignUpScripts02" name="TS002_SignUpScripts02_SignUp2_BadWordsFloAccountName" time="15.998"/>
  <testcase classname="TestCases.TS002_SignUpScripts02" name="TS002_SignUpScripts02_SignUp2_BadWordsFloAccountName" time="16.231"/>
  <testcase classname="TestCases.TS002_SignUpScripts02" name="TS002_SignUpScripts02_SignUp2_BadWordsFloAccountName" time="16.002"/>
  <testcase classname="TestCases.TS002_SignUpScripts02" name="TS002_SignUpScripts02_SignUp2_BadWordsFloAccountName" time="16.736"/>
  <testcase classname="TestCases.TS002_SignUpScripts02" name="TS002_SignUpScripts02_SignUp2_BadWordsFloAccountName" time="16.498"/>
  <testcase classname="TestCases.TS002_SignUpScripts02" name="TS002_SignUpScripts02_SignUp2_BadWordsFloAccountName" time="16.950"/>
  <testcase classname="TestCases.TS002_SignUpScripts02" name="TS002_SignUpScripts02_SignUp2_BadWordsFloAccountName" time="16.226"/>
  <testcase classname="TestCases.TS002_SignUpScripts02" name="TS002_SignUpScripts02_SignUp2_BadWordsFloAccountName" time="15.601"/>
  <testcase classname="TestCases.TS002_SignUpScripts02" name="TS002_SignUpScripts02_SignUp2_BadWordsFloAccountName" time="16.699"/>
  <testcase classname="TestCases.TS002_SignUpScripts02" name="TS002_SignUpScripts02_SignUp2_BadWordsFloAccountName" time="16.374"/>
  <testcase classname="TestCases.TS002_SignUpScripts02" name="TS002_SignUpScripts02_SignUp2_BadWordsFloAccountName" time="16.144"/>
  <testcase classname="TestCases.TS002_SignUpScripts02" name="TS002_SignUpScripts02_SignUp3_BadWordsFloAccountName" time="12.254"/>
  <testcase classname="TestCases.TS002_SignUpScripts02" name="TS002_SignUpScripts02_SignUp2_BadWordsFloAccountName" time="16.656"/>
  <testcase classname="TestCases.TS002_SignUpScripts02" name="TS002_SignUpScripts02_SignUp1_SensitiveFloAccountName" time="16.568"/>
  <testcase classname="TestCases.TS002_SignUpScripts02" name="TS002_SignUpScripts02_SignUp2_BadWordsFloAccountName" time="16.149"/>
  <testcase classname="TestCases.TS002_SignUpScripts02" name="TS002_SignUpScripts02_SignUp3_BadWordsFloAccountName" time="12.748"/>
  <testcase classname="TestCases.TS002_SignUpScripts02" name="TS002_SignUpScripts02_SignUp2_BadWordsFloAccountName" time="16.150"/>
  <testcase classname="TestCases.TS002_SignUpScripts02" name="TS002_SignUpScripts02_SignUp2_BadWordsFloAccountName" time="16.852"/>
  <testcase classname="TestCases.TS002_SignUpScripts02" name="TS002_SignUpScripts02_SignUp2_BadWordsFloAccountName" time="16.417"/>
  <testcase classname="TestCases.TS002_SignUpScripts02" name="TS002_SignUpScripts02_SignUp2_BadWordsFloAccountName" time="15.819"/>
  <testcase classname="TestCases.TS002_SignUpScripts02" name="TS002_SignUpScripts02_SignUp2_BadWordsFloAccountName" time="16.216"/>
  <testcase classname="TestCases.TS002_SignUpScripts02" name="TS002_SignUpScripts02_SignUp3_BadWordsFloAccountName" time="12.160"/>
  <testcase classname="TestCases.TS002_SignUpScripts02" name="TS002_SignUpScripts02_SignUp2_BadWordsFloAccountName" time="17.074"/>
  <testcase classname="TestCases.TS002_SignUpScripts02" name="TS002_SignUpScripts02_SignUp2_BadWordsFloAccountName" time="16.748"/>
  <testcase classname="TestCases.TS002_SignUpScripts02" name="TS002_SignUpScripts02_SignUp1_SensitiveFloAccountName" time="16.295"/>
  <testcase classname="TestCases.TS002_SignUpScripts02" name="TS002_SignUpScripts02_SignUp2_BadWordsFloAccountName" time="17.258"/>
  <testcase classname="TestCases.TS002_SignUpScripts02" name="TS002_SignUpScripts02_SignUp2_BadWordsFloAccountName" time="16.324"/>
  <testcase classname="TestCases.TS002_SignUpScripts02" name="TS002_SignUpScripts02_SignUp2_BadWordsFloAccountName" time="16.259"/>
  <testcase classname="TestCases.TS002_SignUpScripts02" name="TS002_SignUpScripts02_SignUp2_BadWordsFloAccountName" time="16.829"/>
  <testcase classname="TestCases.TS002_SignUpScripts02" name="TS002_SignUpScripts02_SignUp2_BadWordsFloAccountName" time="15.556"/>
  <testcase classname="TestCases.TS002_SignUpScripts02" name="TS002_SignUpScripts02_SignUp2_BadWordsFloAccountName" time="15.717"/>
  <testcase classname="TestCases.TS002_SignUpScripts02" name="TS002_SignUpScripts02_SignUp2_BadWordsFloAccountName" time="18.822"/>
  <testcase classname="TestCases.TS002_SignUpScripts02" name="TS002_SignUpScripts02_SignUp2_BadWordsFloAccountName" time="16.040"/>
  <testcase classname="TestCases.TS002_SignUpScripts02" name="TS002_SignUpScripts02_SignUp2_BadWordsFloAccountName" time="15.928"/>
  <testcase classname="TestCases.TS002_SignUpScripts02" name="TS002_SignUpScripts02_SignUp2_BadWordsFloAccountName" time="16.497"/>
  <testcase classname="TestCases.TS002_SignUpScripts02" name="TS002_SignUpScripts02_SignUp2_BadWordsFloAccountName" time="16.573"/>
  <testcase classname="TestCases.TS002_SignUpScripts02" name="TS002_SignUpScripts02_SignUp2_BadWordsFloAccountName" time="16.473"/>
  <testcase classname="TestCases.TS002_SignUpScripts02" name="TS002_SignUpScripts02_SignUp2_BadWordsFloAccountName" time="16.354"/>
  <testcase classname="TestCases.TS002_SignUpScripts02" name="TS002_SignUpScripts02_SignUp3_BadWordsFloAccountName" time="12.563"/>
  <testcase classname="TestCases.TS002_SignUpScripts02" name="TS002_SignUpScripts02_SignUp2_BadWordsFloAccountName" time="16.985"/>
  <testcase classname="TestCases.TS002_SignUpScripts02" name="TS002_SignUpScripts02_SignUp2_BadWordsFloAccountName" time="15.856"/>
  <testcase classname="TestCases.TS002_SignUpScripts02" name="TS002_SignUpScripts02_SignUp2_BadWordsFloAccountName" time="15.525"/>
  <testcase classname="TestCases.TS002_SignUpScripts02" name="TS002_SignUpScripts02_SignUp2_BadWordsFloAccountName" time="16.411"/>
  <testcase classname="TestCases.TS002_SignUpScripts02" name="TS002_SignUpScripts02_SignUp2_BadWordsFloAccountName" time="16.510"/>
  <testcase classname="TestCases.TS002_SignUpScripts02" name="TS002_SignUpScripts02_SignUp2_BadWordsFloAccountName" time="16.449"/>
  <testcase classname="TestCases.TS002_SignUpScripts02" name="TS002_SignUpScripts02_SignUp2_BadWordsFloAccountName" time="17.220"/>
  <testcase classname="TestCases.TS002_SignUpScripts02" name="TS002_SignUpScripts02_SignUp2_BadWordsFloAccountName" time="16.253"/>
  <testcase classname="TestCases.TS002_SignUpScripts02" name="TS002_SignUpScripts02_SignUp2_BadWordsFloAccountName" time="16.532"/>
  <testcase classname="TestCases.TS002_SignUpScripts02" name="TS002_SignUpScripts02_SignUp2_BadWordsFloAccountName" time="16.049"/>
  <testcase classname="TestCases.TS002_SignUpScripts02" name="TS002_SignUpScripts02_SignUp2_BadWordsFloAccountName" time="15.932"/>
  <testcase classname="TestCases.TS002_SignUpScripts02" name="TS002_SignUpScripts02_SignUp2_BadWordsFloAccountName" time="16.787"/>
  <testcase classname="TestCases.TS002_SignUpScripts02" name="TS002_SignUpScripts02_SignUp2_BadWordsFloAccountName" time="16.461"/>
  <testcase classname="TestCases.TS002_SignUpScripts02" name="TS002_SignUpScripts02_SignUp2_BadWordsFloAccountName" time="15.563"/>
  <testcase classname="TestCases.TS002_SignUpScripts02" name="TS002_SignUpScripts02_SignUp2_BadWordsFloAccountName" time="16.102"/>
  <testcase classname="TestCases.TS002_SignUpScripts02" name="TS002_SignUpScripts02_SignUp3_BadWordsFloAccountName" time="12.095"/>
  <testcase classname="TestCases.TS002_SignUpScripts02" name="TS002_SignUpScripts02_SignUp3_BadWordsFloAccountName" time="12.227"/>
  <testcase classname="TestCases.TS002_SignUpScripts02" name="TS002_SignUpScripts02_SignUp1_SensitiveFloAccountName" time="16.390"/>
  <testcase classname="TestCases.TS002_SignUpScripts02" name="TS002_SignUpScripts02_SignUp2_BadWordsFloAccountName" time="15.546"/>
  <testcase classname="TestCases.TS002_SignUpScripts02" name="TS002_SignUpScripts02_SignUp2_BadWordsFloAccountName" time="16.878"/>
  <testcase classname="TestCases.TS002_SignUpScripts02" name="TS002_SignUpScripts02_SignUp2_BadWordsFloAccountName" time="15.615"/>
  <testcase classname="TestCases.TS002_SignUpScripts02" name="TS002_SignUpScripts02_SignUp2_BadWordsFloAccountName" time="15.640"/>
  <testcase classname="TestCases.TS002_SignUpScripts02" name="TS002_SignUpScripts02_SignUp2_BadWordsFloAccountName" time="17.045"/>
  <testcase classname="TestCases.TS002_SignUpScripts02" name="TS002_SignUpScripts02_SignUp2_BadWordsFloAccountName" time="15.781"/>
  <testcase classname="TestCases.TS002_SignUpScripts02" name="TS002_SignUpScripts02_SignUp2_BadWordsFloAccountName" time="15.536"/>
  <testcase classname="TestCases.TS002_SignUpScripts02" name="TS002_SignUpScripts02_SignUp2_BadWordsFloAccountName" time="16.100"/>
  <testcase classname="TestCases.TS002_SignUpScripts02" name="TS002_SignUpScripts02_SignUp2_BadWordsFloAccountName" time="16.801"/>
  <testcase classname="TestCases.TS002_SignUpScripts02" name="TS002_SignUpScripts02_SignUp2_BadWordsFloAccountName" time="16.937"/>
  <testcase classname="TestCases.TS002_SignUpScripts02" name="TS002_SignUpScripts02_SignUp2_BadWordsFloAccountName" time="16.094"/>
  <testcase classname="TestCases.TS002_SignUpScripts02" name="TS002_SignUpScripts02_SignUp2_BadWordsFloAccountName" time="17.402"/>
  <testcase classname="TestCases.TS002_SignUpScripts02" name="TS002_SignUpScripts02_SignUp3_BadWordsFloAccountName" time="12.011"/>
  <testcase classname="TestCases.TS002_SignUpScripts02" name="TS002_SignUpScripts02_SignUp2_BadWordsFloAccountName" time="16.156"/>
  <testcase classname="TestCases.TS002_SignUpScripts02" name="TS002_SignUpScripts02_SignUp2_BadWordsFloAccountName" time="16.675"/>
  <testcase classname="TestCases.TS002_SignUpScripts02" name="TS002_SignUpScripts02_SignUp2_BadWordsFloAccountName" time="16.883"/>
  <testcase classname="TestCases.TS002_SignUpScripts02" name="TS002_SignUpScripts02_SignUp1_SensitiveFloAccountName" time="16.417"/>
  <testcase classname="TestCases.TS002_SignUpScripts02" name="TS002_SignUpScripts02_SignUp2_BadWordsFloAccountName" time="15.569"/>
  <testcase classname="TestCases.TS002_SignUpScripts02" name="TS002_SignUpScripts02_SignUp2_BadWordsFloAccountName" time="16.765"/>
  <testcase classname="TestCases.TS002_SignUpScripts02" name="TS002_SignUpScripts02_SignUp2_BadWordsFloAccountName" time="15.588"/>
  <testcase classname="TestCases.TS002_SignUpScripts02" name="TS002_SignUpScripts02_SignUp2_BadWordsFloAccountName" time="16.669"/>
  <testcase classname="TestCases.TS002_SignUpScripts02" name="TS002_SignUpScripts02_SignUp2_BadWordsFloAccountName" time="17.214"/>
  <testcase classname="TestCases.TS002_SignUpScripts02" name="TS002_SignUpScripts02_SignUp2_BadWordsFloAccountName" time="15.988"/>
  <testcase classname="TestCases.TS002_SignUpScripts02" name="TS002_SignUpScripts02_SignUp2_BadWordsFloAccountName" time="16.768"/>
  <testcase classname="TestCases.TS002_SignUpScripts02" name="TS002_SignUpScripts02_SignUp2_BadWordsFloAccountName" time="16.818"/>
  <testcase classname="TestCases.TS002_SignUpScripts02" name="TS002_SignUpScripts02_SignUp2_BadWordsFloAccountName" time="17.392"/>
  <testcase classname="TestCases.TS002_SignUpScripts02" name="TS002_SignUpScripts02_SignUp1_SensitiveFloAccountName" time="17.370"/>
  <testcase classname="TestCases.TS002_SignUpScripts02" name="TS002_SignUpScripts02_SignUp2_BadWordsFloAccountName" time="16.752"/>
  <testcase classname="TestCases.TS002_SignUpScripts02" name="TS002_SignUpScripts02_SignUp2_BadWordsFloAccountName" time="16.234"/>
  <testcase classname="TestCases.TS002_SignUpScripts02" name="TS002_SignUpScripts02_SignUp2_BadWordsFloAccountName" time="16.362"/>
  <testcase classname="TestCases.TS002_SignUpScripts02" name="TS002_SignUpScripts02_SignUp1_SensitiveFloAccountName" time="17.030"/>
  <testcase classname="TestCases.TS002_SignUpScripts02" name="TS002_SignUpScripts02_SignUp2_BadWordsFloAccountName" time="16.311"/>
  <testcase classname="TestCases.TS002_SignUpScripts02" name="TS002_SignUpScripts02_SignUp2_BadWordsFloAccountName" time="16.057"/>
  <testcase classname="TestCases.TS002_SignUpScripts02" name="TS002_SignUpScripts02_SignUp2_BadWordsFloAccountName" time="16.363"/>
  <testcase classname="TestCases.TS002_SignUpScripts02" name="TS002_SignUpScripts02_SignUp2_BadWordsFloAccountName" time="16.078"/>
  <testcase classname="TestCases.TS002_SignUpScripts02" name="TS002_SignUpScripts02_SignUp2_BadWordsFloAccountName" time="16.675"/>
  <testcase classname="TestCases.TS002_SignUpScripts02" name="TS002_SignUpScripts02_SignUp2_BadWordsFloAccountName" time="16.694"/>
  <testcase classname="TestCases.TS002_SignUpScripts02" name="TS002_SignUpScripts02_SignUp2_BadWordsFloAccountName" time="16.649"/>
  <testcase classname="TestCases.TS002_SignUpScripts02" name="TS002_SignUpScripts02_SignUp1_SensitiveFloAccountName" time="17.423"/>
  <testcase classname="TestCases.TS002_SignUpScripts02" name="TS002_SignUpScripts02_SignUp1_SensitiveFloAccountName" time="16.487"/>
  <testcase classname="TestCases.TS002_SignUpScripts02" name="TS002_SignUpScripts02_SignUp2_BadWordsFloAccountName" time="16.288"/>
  <testcase classname="TestCases.TS002_SignUpScripts02" name="TS002_SignUpScripts02_SignUp2_BadWordsFloAccountName" time="16.300"/>
  <testcase classname="TestCases.TS002_SignUpScripts02" name="TS002_SignUpScripts02_SignUp2_BadWordsFloAccountName" time="16.488"/>
  <testcase classname="TestCases.TS002_SignUpScripts02" name="TS002_SignUpScripts02_SignUp2_BadWordsFloAccountName" time="16.495"/>
  <testcase classname="TestCases.TS002_SignUpScripts02" name="TS002_SignUpScripts02_SignUp2_BadWordsFloAccountName" time="16.281"/>
  <testcase classname="TestCases.TS002_SignUpScripts02" name="TS002_SignUpScripts02_SignUp2_BadWordsFloAccountName" time="16.972"/>
  <testcase classname="TestCases.TS002_SignUpScripts02" name="TS002_SignUpScripts02_SignUp2_BadWordsFloAccountName" time="16.379"/>
  <testcase classname="TestCases.TS002_SignUpScripts02" name="TS002_SignUpScripts02_SignUp2_BadWordsFloAccountName" time="16.841"/>
  <testcase classname="TestCases.TS002_SignUpScripts02" name="TS002_SignUpScripts02_SignUp2_BadWordsFloAccountName" time="16.497"/>
  <testcase classname="TestCases.TS002_SignUpScripts02" name="TS002_SignUpScripts02_SignUp3_BadWordsFloAccountName" time="12.701"/>
  <testcase classname="TestCases.TS002_SignUpScripts02" name="TS002_SignUpScripts02_SignUp2_BadWordsFloAccountName" time="18.012"/>
  <testcase classname="TestCases.TS002_SignUpScripts02" name="TS002_SignUpScripts02_SignUp3_BadWordsFloAccountName" time="10.977"/>
  <testcase classname="TestCases.TS002_SignUpScripts02" name="TS002_SignUpScripts02_SignUp2_BadWordsFloAccountName" time="16.269"/>
  <testcase classname="TestCases.TS002_SignUpScripts02" name="TS002_SignUpScripts02_SignUp2_BadWordsFloAccountName" time="15.645"/>
  <testcase classname="TestCases.TS002_SignUpScripts02" name="TS002_SignUpScripts02_SignUp2_BadWordsFloAccountName" time="15.780"/>
  <testcase classname="TestCases.TS002_SignUpScripts02" name="TS002_SignUpScripts02_SignUp2_BadWordsFloAccountName" time="16.843"/>
  <testcase classname="TestCases.TS002_SignUpScripts02" name="TS002_SignUpScripts02_SignUp2_BadWordsFloAccountName" time="16.183"/>
  <testcase classname="TestCases.TS002_SignUpScripts02" name="TS002_SignUpScripts02_SignUp2_BadWordsFloAccountName" time="16.098"/>
  <testcase classname="TestCases.TS002_SignUpScripts02" name="TS002_SignUpScripts02_SignUp2_BadWordsFloAccountName" time="15.969"/>
  <testcase classname="TestCases.TS002_SignUpScripts02" name="TS002_SignUpScripts02_SignUp2_BadWordsFloAccountName" time="16.511"/>
  <testcase classname="TestCases.TS002_SignUpScripts02" name="TS002_SignUpScripts02_SignUp2_BadWordsFloAccountName" time="16.145"/>
  <testcase classname="TestCases.TS002_SignUpScripts02" name="TS002_SignUpScripts02_SignUp2_BadWordsFloAccountName" time="16.181"/>
  <testcase classname="TestCases.TS002_SignUpScripts02" name="TS002_SignUpScripts02_SignUp2_BadWordsFloAccountName" time="16.685"/>
  <testcase classname="TestCases.TS002_SignUpScripts02" name="TS002_SignUpScripts02_SignUp1_SensitiveFloAccountName" time="16.251"/>
  <testcase classname="TestCases.TS002_SignUpScripts02" name="TS002_SignUpScripts02_SignUp2_BadWordsFloAccountName" time="17.004"/>
  <testcase classname="TestCases.TS002_SignUpScripts02" name="TS002_SignUpScripts02_SignUp3_BadWordsFloAccountName" time="12.200"/>
  <testcase classname="TestCases.TS002_SignUpScripts02" name="TS002_SignUpScripts02_SignUp2_BadWordsFloAccountName" time="15.601"/>
  <testcase classname="TestCases.TS002_SignUpScripts02" name="TS002_SignUpScripts02_SignUp2_BadWordsFloAccountName" time="16.217"/>
  <testcase classname="TestCases.TS002_SignUpScripts02" name="TS002_SignUpScripts02_SignUp2_BadWordsFloAccountName" time="16.758"/>
  <testcase classname="TestCases.TS002_SignUpScripts02" name="TS002_SignUpScripts02_SignUp2_BadWordsFloAccountName" time="16.431"/>
  <testcase classname="TestCases.TS002_SignUpScripts02" name="TS002_SignUpScripts02_SignUp2_BadWordsFloAccountName" time="16.776"/>
  <testcase classname="TestCases.TS002_SignUpScripts02" name="TS002_SignUpScripts02_SignUp2_BadWordsFloAccountName" time="16.504"/>
  <testcase classname="TestCases.TS002_SignUpScripts02" name="TS002_SignUpScripts02_SignUp2_BadWordsFloAccountName" time="16.394"/>
  <testcase classname="TestCases.TS002_SignUpScripts02" name="TS002_SignUpScripts02_SignUp2_BadWordsFloAccountName" time="16.723"/>
  <testcase classname="TestCases.TS002_SignUpScripts02" name="TS002_SignUpScripts02_SignUp2_BadWordsFloAccountName" time="15.450"/>
  <testcase classname="TestCases.TS002_SignUpScripts02" name="TS002_SignUpScripts02_SignUp2_BadWordsFloAccountName" time="16.248"/>
  <testcase classname="TestCases.TS002_SignUpScripts02" name="TS002_SignUpScripts02_SignUp2_BadWordsFloAccountName" time="16.685"/>
  <testcase classname="TestCases.TS002_SignUpScripts02" name="TS002_SignUpScripts02_SignUp2_BadWordsFloAccountName" time="16.347"/>
  <testcase classname="TestCases.TS002_SignUpScripts02" name="TS002_SignUpScripts02_SignUp2_BadWordsFloAccountName" time="16.399"/>
  <testcase classname="TestCases.TS002_SignUpScripts02" name="TS002_SignUpScripts02_SignUp2_BadWordsFloAccountName" time="15.787"/>
  <testcase classname="TestCases.TS002_SignUpScripts02" name="TS002_SignUpScripts02_SignUp2_BadWordsFloAccountName" time="16.538"/>
  <testcase classname="TestCases.TS002_SignUpScripts02" name="TS002_SignUpScripts02_SignUp2_BadWordsFloAccountName" time="16.109"/>
  <testcase classname="TestCases.TS002_SignUpScripts02" name="TS002_SignUpScripts02_SignUp2_BadWordsFloAccountName" time="16.439"/>
  <testcase classname="TestCases.TS002_SignUpScripts02" name="TS002_SignUpScripts02_SignUp2_BadWordsFloAccountName" time="16.019"/>
  <testcase classname="TestCases.TS002_SignUpScripts02" name="TS002_SignUpScripts02_SignUp2_BadWordsFloAccountName" time="15.674"/>
  <testcase classname="TestCases.TS002_SignUpScripts02" name="TS002_SignUpScripts02_SignUp2_BadWordsFloAccountName" time="16.511"/>
  <testcase classname="TestCases.TS002_SignUpScripts02" name="TS002_SignUpScripts02_SignUp2_BadWordsFloAccountName" time="15.730"/>
  <testcase classname="TestCases.TS002_SignUpScripts02" name="TS002_SignUpScripts02_SignUp2_BadWordsFloAccountName" time="16.120"/>
  <testcase classname="TestCases.TS002_SignUpScripts02" name="TS002_SignUpScripts02_SignUp3_BadWordsFloAccountName" time="11.978"/>
  <testcase classname="TestCases.TS002_SignUpScripts02" name="TS002_SignUpScripts02_SignUp2_BadWordsFloAccountName" time="15.548"/>
  <testcase classname="TestCases.TS002_SignUpScripts02" name="TS002_SignUpScripts02_SignUp2_BadWordsFloAccountName" time="17.498"/>
  <testcase classname="TestCases.TS002_SignUpScripts02" name="TS002_SignUpScripts02_SignUp2_BadWordsFloAccountName" time="15.601"/>
  <testcase classname="TestCases.TS002_SignUpScripts02" name="TS002_SignUpScripts02_SignUp2_BadWordsFloAccountName" time="16.827"/>
  <testcase classname="TestCases.TS002_SignUpScripts02" name="TS002_SignUpScripts02_SignUp2_BadWordsFloAccountName" time="17.100"/>
  <testcase classname="TestCases.TS002_SignUpScripts02" name="TS002_SignUpScripts02_SignUp2_BadWordsFloAccountName" time="16.208"/>
  <testcase classname="TestCases.TS002_SignUpScripts02" name="TS002_SignUpScripts02_SignUp1_SensitiveFloAccountName" time="16.604"/>
  <testcase classname="TestCases.TS002_SignUpScripts02" name="TS002_SignUpScripts02_SignUp2_BadWordsFloAccountName" time="15.748"/>
  <testcase classname="TestCases.TS002_SignUpScripts02" name="TS002_SignUpScripts02_SignUp2_BadWordsFloAccountName" time="15.889"/>
  <testcase classname="TestCases.TS002_SignUpScripts02" name="TS002_SignUpScripts02_SignUp2_BadWordsFloAccountName" time="16.730"/>
  <testcase classname="TestCases.TS002_SignUpScripts02" name="TS002_SignUpScripts02_SignUp2_BadWordsFloAccountName" time="16.796"/>
  <testcase classname="TestCases.TS002_SignUpScripts02" name="TS002_SignUpScripts02_SignUp2_BadWordsFloAccountName" time="16.792"/>
  <testcase classname="TestCases.TS002_SignUpScripts02" name="TS002_SignUpScripts02_SignUp2_BadWordsFloAccountName" time="16.515"/>
  <testcase classname="TestCases.TS002_SignUpScripts02" name="TS002_SignUpScripts02_SignUp2_BadWordsFloAccountName" time="16.408"/>
  <testcase classname="TestCases.TS002_SignUpScripts02" name="TS002_SignUpScripts02_SignUp2_BadWordsFloAccountName" time="16.487"/>
  <testcase classname="TestCases.TS002_SignUpScripts02" name="TS002_SignUpScripts02_SignUp2_BadWordsFloAccountName" time="16.217"/>
  <testcase classname="TestCases.TS002_SignUpScripts02" name="TS002_SignUpScripts02_SignUp2_BadWordsFloAccountName" time="16.899"/>
  <testcase classname="TestCases.TS002_SignUpScripts02" name="TS002_SignUpScripts02_SignUp2_BadWordsFloAccountName" time="17.015"/>
  <testcase classname="TestCases.TS002_SignUpScripts02" name="TS002_SignUpScripts02_SignUp2_BadWordsFloAccountName" time="17.350"/>
  <testcase classname="TestCases.TS002_SignUpScripts02" name="TS002_SignUpScripts02_SignUp2_BadWordsFloAccountName" time="16.240"/>
  <testcase classname="TestCases.TS002_SignUpScripts02" name="TS002_SignUpScripts02_SignUp2_BadWordsFloAccountName" time="16.782"/>
  <testcase classname="TestCases.TS002_SignUpScripts02" name="TS002_SignUpScripts02_SignUp2_BadWordsFloAccountName" time="16.755"/>
  <testcase classname="TestCases.TS002_SignUpScripts02" name="TS002_SignUpScripts02_SignUp3_BadWordsFloAccountName" time="11.902"/>
  <testcase classname="TestCases.TS002_SignUpScripts02" name="TS002_SignUpScripts02_SignUp2_BadWordsFloAccountName" time="16.981"/>
  <testcase classname="TestCases.TS002_SignUpScripts02" name="TS002_SignUpScripts02_SignUp2_BadWordsFloAccountName" time="15.517"/>
  <testcase classname="TestCases.TS002_SignUpScripts02" name="TS002_SignUpScripts02_SignUp2_BadWordsFloAccountName" time="16.461"/>
  <testcase classname="TestCases.TS002_SignUpScripts02" name="TS002_SignUpScripts02_SignUp2_BadWordsFloAccountName" time="16.130"/>
  <testcase classname="TestCases.TS002_SignUpScripts02" name="TS002_SignUpScripts02_SignUp2_BadWordsFloAccountName" time="15.545"/>
  <testcase classname="TestCases.TS002_SignUpScripts02" name="TS002_SignUpScripts02_SignUp2_BadWordsFloAccountName" time="15.653"/>
  <testcase classname="TestCases.TS002_SignUpScripts02" name="TS002_SignUpScripts02_SignUp2_BadWordsFloAccountName" time="16.358"/>
  <testcase classname="TestCases.TS002_SignUpScripts02" name="TS002_SignUpScripts02_SignUp2_BadWordsFloAccountName" time="15.629"/>
  <testcase classname="TestCases.TS002_SignUpScripts02" name="TS002_SignUpScripts02_SignUp2_BadWordsFloAccountName" time="16.001"/>
  <testcase classname="TestCases.TS002_SignUpScripts02" name="TS002_SignUpScripts02_SignUp2_BadWordsFloAccountName" time="16.729"/>
  <testcase classname="TestCases.TS002_SignUpScripts02" name="TS002_SignUpScripts02_SignUp2_BadWordsFloAccountName" time="15.495"/>
  <testcase classname="TestCases.TS002_SignUpScripts02" name="TS002_SignUpScripts02_SignUp2_BadWordsFloAccountName" time="17.261"/>
  <testcase classname="TestCases.TS002_SignUpScripts02" name="TS002_SignUpScripts02_SignUp2_BadWordsFloAccountName" time="17.164"/>
  <testcase classname="TestCases.TS002_SignUpScripts02" name="TS002_SignUpScripts02_SignUp2_BadWordsFloAccountName" time="15.639"/>
  <testcase classname="TestCases.TS002_SignUpScripts02" name="TS002_SignUpScripts02_SignUp2_BadWordsFloAccountName" time="16.869"/>
  <testcase classname="TestCases.TS002_SignUpScripts02" name="TS002_SignUpScripts02_SignUp2_BadWordsFloAccountName" time="16.100"/>
  <testcase classname="TestCases.TS002_SignUpScripts02" name="TS002_SignUpScripts02_SignUp2_BadWordsFloAccountName" time="16.600"/>
  <testcase classname="TestCases.TS002_SignUpScripts02" name="TS002_SignUpScripts02_SignUp2_BadWordsFloAccountName" time="16.728"/>
  <testcase classname="TestCases.TS002_SignUpScripts02" name="TS002_SignUpScripts02_SignUp2_BadWordsFloAccountName" time="16.317"/>
  <testcase classname="TestCases.TS002_SignUpScripts02" name="TS002_SignUpScripts02_SignUp2_BadWordsFloAccountName" time="16.416"/>
  <testcase classname="TestCases.TS002_SignUpScripts02" name="TS002_SignUpScripts02_SignUp2_BadWordsFloAccountName" time="17.085"/>
  <testcase classname="TestCases.TS002_SignUpScripts02" name="TS002_SignUpScripts02_SignUp2_BadWordsFloAccountName" time="16.960"/>
  <testcase classname="TestCases.TS002_SignUpScripts02" name="TS002_SignUpScripts02_SignUp2_BadWordsFloAccountName" time="17.143"/>
  <testcase classname="TestCases.TS002_SignUpScripts02" name="TS002_SignUpScripts02_SignUp2_BadWordsFloAccountName" time="16.346"/>
  <testcase classname="TestCases.TS002_SignUpScripts02" name="TS002_SignUpScripts02_SignUp2_BadWordsFloAccountName" time="16.484"/>
  <testcase classname="TestCases.TS002_SignUpScripts02" name="TS002_SignUpScripts02_SignUp2_BadWordsFloAccountName" time="16.192"/>
  <testcase classname="TestCases.TS002_SignUpScripts02" name="TS002_SignUpScripts02_SignUp2_BadWordsFloAccountName" time="16.088"/>
  <testcase classname="TestCases.TS002_SignUpScripts02" name="TS002_SignUpScripts02_SignUp2_BadWordsFloAccountName" time="16.988"/>
  <testcase classname="TestCases.TS002_SignUpScripts02" name="TS002_SignUpScripts02_SignUp2_BadWordsFloAccountName" time="16.402"/>
  <testcase classname="TestCases.TS002_SignUpScripts02" name="TS002_SignUpScripts02_SignUp2_BadWordsFloAccountName" time="16.802"/>
  <testcase classname="TestCases.TS002_SignUpScripts02" name="TS002_SignUpScripts02_SignUp2_BadWordsFloAccountName" time="16.624"/>
  <testcase classname="TestCases.TS002_SignUpScripts02" name="TS002_SignUpScripts02_SignUp2_BadWordsFloAccountName" time="16.908"/>
  <testcase classname="TestCases.TS002_SignUpScripts02" name="TS002_SignUpScripts02_SignUp1_SensitiveFloAccountName" time="15.784"/>
  <testcase classname="TestCases.TS002_SignUpScripts02" name="TS002_SignUpScripts02_SignUp2_BadWordsFloAccountName" time="16.043"/>
  <testcase classname="TestCases.TS002_SignUpScripts02" name="TS002_SignUpScripts02_SignUp2_BadWordsFloAccountName" time="16.133"/>
  <testcase classname="TestCases.TS002_SignUpScripts02" name="TS002_SignUpScripts02_SignUp2_BadWordsFloAccountName" time="17.355"/>
  <testcase classname="TestCases.TS002_SignUpScripts02" name="TS002_SignUpScripts02_SignUp2_BadWordsFloAccountName" time="16.122"/>
  <testcase classname="TestCases.TS002_SignUpScripts02" name="TS002_SignUpScripts02_SignUp2_BadWordsFloAccountName" time="16.169"/>
  <testcase classname="TestCases.TS002_SignUpScripts02" name="TS002_SignUpScripts02_SignUp2_BadWordsFloAccountName" time="16.592"/>
  <testcase classname="TestCases.TS002_SignUpScripts02" name="TS002_SignUpScripts02_SignUp2_BadWordsFloAccountName" time="16.330"/>
  <testcase classname="TestCases.TS002_SignUpScripts02" name="TS002_SignUpScripts02_SignUp2_BadWordsFloAccountName" time="16.821"/>
  <testcase classname="TestCases.TS002_SignUpScripts02" name="TS002_SignUpScripts02_SignUp1_SensitiveFloAccountName" time="16.935"/>
  <testcase classname="TestCases.TS002_SignUpScripts02" name="TS002_SignUpScripts02_SignUp2_BadWordsFloAccountName" time="16.310"/>
  <testcase classname="TestCases.TS002_SignUpScripts02" name="TS002_SignUpScripts02_SignUp2_BadWordsFloAccountName" time="16.804"/>
  <testcase classname="TestCases.TS002_SignUpScripts02" name="TS002_SignUpScripts02_SignUp2_BadWordsFloAccountName" time="15.801"/>
  <testcase classname="TestCases.TS002_SignUpScripts02" name="TS002_SignUpScripts02_SignUp2_BadWordsFloAccountName" time="17.155"/>
  <testcase classname="TestCases.TS002_SignUpScripts02" name="TS002_SignUpScripts02_SignUp2_BadWordsFloAccountName" time="16.055"/>
  <testcase classname="TestCases.TS002_SignUpScripts02" name="TS002_SignUpScripts02_SignUp2_BadWordsFloAccountName" time="16.421"/>
  <testcase classname="TestCases.TS002_SignUpScripts02" name="TS002_SignUpScripts02_SignUp1_SensitiveFloAccountName" time="16.473"/>
  <testcase classname="TestCases.TS002_SignUpScripts02" name="TS002_SignUpScripts02_SignUp2_BadWordsFloAccountName" time="16.279"/>
  <testcase classname="TestCases.TS002_SignUpScripts02" name="TS002_SignUpScripts02_SignUp2_BadWordsFloAccountName" time="16.780"/>
  <testcase classname="TestCases.TS002_SignUpScripts02" name="TS002_SignUpScripts02_SignUp2_BadWordsFloAccountName" time="16.768"/>
  <testcase classname="TestCases.TS002_SignUpScripts02" name="TS002_SignUpScripts02_SignUp2_BadWordsFloAccountName" time="16.774"/>
  <testcase classname="TestCases.TS002_SignUpScripts02" name="TS002_SignUpScripts02_SignUp2_BadWordsFloAccountName" time="16.131"/>
  <testcase classname="TestCases.TS002_SignUpScripts02" name="TS002_SignUpScripts02_SignUp3_BadWordsFloAccountName" time="12.169"/>
  <testcase classname="TestCases.TS002_SignUpScripts02" name="TS002_SignUpScripts02_SignUp3_BadWordsFloAccountName" time="12.658"/>
  <testcase classname="TestCases.TS002_SignUpScripts02" name="TS002_SignUpScripts02_SignUp1_SensitiveFloAccountName" time="16.755"/>
  <testcase classname="TestCases.TS002_SignUpScripts02" name="TS002_SignUpScripts02_SignUp2_BadWordsFloAccountName" time="16.397"/>
  <testcase classname="TestCases.TS002_SignUpScripts02" name="TS002_SignUpScripts02_SignUp3_BadWordsFloAccountName" time="12.180"/>
  <testcase classname="TestCases.TS002_SignUpScripts02" name="TS002_SignUpScripts02_SignUp2_BadWordsFloAccountName" time="16.103"/>
  <testcase classname="TestCases.TS002_SignUpScripts02" name="TS002_SignUpScripts02_SignUp2_BadWordsFloAccountName" time="16.438"/>
  <testcase classname="TestCases.TS002_SignUpScripts02" name="TS002_SignUpScripts02_SignUp2_BadWordsFloAccountName" time="15.627"/>
  <testcase classname="TestCases.TS002_SignUpScripts02" name="TS002_SignUpScripts02_SignUp2_BadWordsFloAccountName" time="15.925"/>
  <testcase classname="TestCases.TS002_SignUpScripts02" name="TS002_SignUpScripts02_SignUp2_BadWordsFloAccountName" time="15.903"/>
  <testcase classname="TestCases.TS002_SignUpScripts02" name="TS002_SignUpScripts02_SignUp2_BadWordsFloAccountName" time="16.197"/>
  <testcase classname="TestCases.TS002_SignUpScripts02" name="TS002_SignUpScripts02_SignUp2_BadWordsFloAccountName" time="16.418"/>
  <testcase classname="TestCases.TS002_SignUpScripts02" name="TS002_SignUpScripts02_SignUp2_BadWordsFloAccountName" time="16.591"/>
  <testcase classname="TestCases.TS002_SignUpScripts02" name="TS002_SignUpScripts02_SignUp2_BadWordsFloAccountName" time="16.762"/>
  <testcase classname="TestCases.TS002_SignUpScripts02" name="TS002_SignUpScripts02_SignUp2_BadWordsFloAccountName" time="16.998"/>
  <testcase classname="TestCases.TS002_SignUpScripts02" name="TS002_SignUpScripts02_SignUp2_BadWordsFloAccountName" time="16.187"/>
  <testcase classname="TestCases.TS002_SignUpScripts02" name="TS002_SignUpScripts02_SignUp2_BadWordsFloAccountName" time="17.000"/>
  <testcase classname="TestCases.TS002_SignUpScripts02" name="TS002_SignUpScripts02_SignUp2_BadWordsFloAccountName" time="16.808"/>
  <testcase classname="TestCases.TS002_SignUpScripts02" name="TS002_SignUpScripts02_SignUp2_BadWordsFloAccountName" time="17.152"/>
  <testcase classname="TestCases.TS002_SignUpScripts02" name="TS002_SignUpScripts02_SignUp2_BadWordsFloAccountName" time="16.269"/>
  <testcase classname="TestCases.TS002_SignUpScripts02" name="TS002_SignUpScripts02_SignUp1_SensitiveFloAccountName" time="16.744"/>
  <testcase classname="TestCases.TS002_SignUpScripts02" name="TS002_SignUpScripts02_SignUp2_BadWordsFloAccountName" time="16.326"/>
  <testcase classname="TestCases.TS002_SignUpScripts02" name="TS002_SignUpScripts02_SignUp2_BadWordsFloAccountName" time="15.611"/>
  <testcase classname="TestCases.TS002_SignUpScripts02" name="TS002_SignUpScripts02_SignUp2_BadWordsFloAccountName" time="16.409"/>
  <testcase classname="TestCases.TS002_SignUpScripts02" name="TS002_SignUpScripts02_SignUp2_BadWordsFloAccountName" time="17.070"/>
  <testcase classname="TestCases.TS002_SignUpScripts02" name="TS002_SignUpScripts02_SignUp2_BadWordsFloAccountName" time="16.962"/>
  <testcase classname="TestCases.TS002_SignUpScripts02" name="TS002_SignUpScripts02_SignUp2_BadWordsFloAccountName" time="15.867"/>
  <testcase classname="TestCases.TS002_SignUpScripts02" name="TS002_SignUpScripts02_SignUp1_SensitiveFloAccountName" time="16.364"/>
  <testcase classname="TestCases.TS002_SignUpScripts02" name="TS002_SignUpScripts02_SignUp2_BadWordsFloAccountName" time="15.900"/>
  <testcase classname="TestCases.TS002_SignUpScripts02" name="TS002_SignUpScripts02_SignUp2_BadWordsFloAccountName" time="16.631"/>
  <testcase classname="TestCases.TS002_SignUpScripts02" name="TS002_SignUpScripts02_SignUp2_BadWordsFloAccountName" time="16.694"/>
  <testcase classname="TestCases.TS002_SignUpScripts02" name="TS002_SignUpScripts02_SignUp2_BadWordsFloAccountName" time="16.834"/>
  <testcase classname="TestCases.TS002_SignUpScripts02" name="TS002_SignUpScripts02_SignUp2_BadWordsFloAccountName" time="16.517"/>
  <testcase classname="TestCases.TS002_SignUpScripts02" name="TS002_SignUpScripts02_SignUp2_BadWordsFloAccountName" time="15.802"/>
  <testcase classname="TestCases.TS002_SignUpScripts02" name="TS002_SignUpScripts02_SignUp2_BadWordsFloAccountName" time="18.945"/>
  <testcase classname="TestCases.TS002_SignUpScripts02" name="TS002_SignUpScripts02_SignUp2_BadWordsFloAccountName" time="16.275"/>
  <testcase classname="TestCases.TS002_SignUpScripts02" name="TS002_SignUpScripts02_SignUp1_SensitiveFloAccountName" time="16.462"/>
  <testcase classname="TestCases.TS002_SignUpScripts02" name="TS002_SignUpScripts02_SignUp3_BadWordsFloAccountName" time="12.828"/>
  <testcase classname="TestCases.TS002_SignUpScripts02" name="TS002_SignUpScripts02_SignUp2_BadWordsFloAccountName" time="16.680"/>
  <testcase classname="TestCases.TS002_SignUpScripts02" name="TS002_SignUpScripts02_SignUp2_BadWordsFloAccountName" time="16.571"/>
  <testcase classname="TestCases.TS002_SignUpScripts02" name="TS002_SignUpScripts02_SignUp2_BadWordsFloAccountName" time="15.571"/>
  <testcase classname="TestCases.TS002_SignUpScripts02" name="TS002_SignUpScripts02_SignUp2_BadWordsFloAccountName" time="16.046"/>
  <testcase classname="TestCases.TS002_SignUpScripts02" name="TS002_SignUpScripts02_SignUp2_BadWordsFloAccountName" time="16.097"/>
  <testcase classname="TestCases.TS002_SignUpScripts02" name="TS002_SignUpScripts02_SignUp2_BadWordsFloAccountName" time="16.207"/>
  <testcase classname="TestCases.TS002_SignUpScripts02" name="TS002_SignUpScripts02_SignUp2_BadWordsFloAccountName" time="15.818"/>
  <testcase classname="TestCases.TS002_SignUpScripts02" name="TS002_SignUpScripts02_SignUp2_BadWordsFloAccountName" time="17.270"/>
  <testcase classname="TestCases.TS002_SignUpScripts02" name="TS002_SignUpScripts02_SignUp2_BadWordsFloAccountName" time="15.565"/>
  <testcase classname="TestCases.TS002_SignUpScripts02" name="TS002_SignUpScripts02_SignUp2_BadWordsFloAccountName" time="15.767"/>
  <testcase classname="TestCases.TS002_SignUpScripts02" name="TS002_SignUpScripts02_SignUp2_BadWordsFloAccountName" time="17.405"/>
  <testcase classname="TestCases.TS002_SignUpScripts02" name="TS002_SignUpScripts02_SignUp3_BadWordsFloAccountName" time="12.388"/>
  <testcase classname="TestCases.TS002_SignUpScripts02" name="TS002_SignUpScripts02_SignUp2_BadWordsFloAccountName" time="16.512"/>
  <testcase classname="TestCases.TS002_SignUpScripts02" name="TS002_SignUpScripts02_SignUp2_BadWordsFloAccountName" time="16.410"/>
  <testcase classname="TestCases.TS002_SignUpScripts02" name="TS002_SignUpScripts02_SignUp2_BadWordsFloAccountName" time="16.384"/>
  <testcase classname="TestCases.TS002_SignUpScripts02" name="TS002_SignUpScripts02_SignUp2_BadWordsFloAccountName" time="16.324"/>
  <testcase classname="TestCases.TS002_SignUpScripts02" name="TS002_SignUpScripts02_SignUp2_BadWordsFloAccountName" time="16.546"/>
  <testcase classname="TestCases.TS002_SignUpScripts02" name="TS002_SignUpScripts02_SignUp2_BadWordsFloAccountName" time="16.752"/>
  <testcase classname="TestCases.TS002_SignUpScripts02" name="TS002_SignUpScripts02_SignUp2_BadWordsFloAccountName" time="16.645"/>
</testsuite> <!-- TestCases.TS002_SignUpScripts02 -->
