<?xml version="1.0" encoding="UTF-8"?>
<!-- Generated by org.testng.reporters.JUnitReportReporter -->
<testsuite hostname="Bis-Mac-mini.local" failures="0" tests="18" name="TestCases.TS007_TodoScripts02" time="1521.118" errors="0" timestamp="05 Mar 2019 22:47:13 GMT" skipped="0">
  <testcase classname="TestCases.TS007_TodoScripts02" name="TS007_TodoScripts02_ToDo1_checkDefaultDurationSetting" time="147.284"/>
  <testcase classname="TestCases.TS007_TodoScripts02" name="TS007_TodoScripts02_ToDo1_checkDefaultDurationSetting" time="132.922"/>
  <testcase classname="TestCases.TS007_TodoScripts02" name="TS007_TodoScripts02_ToDo6_checkDefaultDueDateAlertSetting" time="58.329"/>
  <testcase classname="TestCases.TS007_TodoScripts02" name="TS007_TodoScripts02_ToDo6_checkDefaultDueDateAlertSetting" time="58.103"/>
  <testcase classname="TestCases.TS007_TodoScripts02" name="TS007_TodoScripts02_ToDo6_checkDefaultDueDateAlertSetting" time="58.367"/>
  <testcase classname="TestCases.TS007_TodoScripts02" name="TS007_TodoScripts02_ToDo1_checkDefaultDurationSetting" time="132.064"/>
  <testcase classname="TestCases.TS007_TodoScripts02" name="TS007_TodoScripts02_ToDo6_checkDefaultDueDateAlertSetting" time="58.834"/>
  <testcase classname="TestCases.TS007_TodoScripts02" name="TS007_TodoScripts02_ToDo6_checkDefaultDueDateAlertSetting" time="57.514"/>
  <testcase classname="TestCases.TS007_TodoScripts02" name="TS007_TodoScripts02_ToDo5_checkDefaultDueDateSetting" time="58.167"/>
  <testcase classname="TestCases.TS007_TodoScripts02" name="TS007_TodoScripts02_ToDo1_checkDefaultDurationSetting" time="131.438"/>
  <testcase classname="TestCases.TS007_TodoScripts02" name="TS007_TodoScripts02_ToDo4_checkNewToDoDefaultCollection" time="193.679"/>
  <testcase classname="TestCases.TS007_TodoScripts02" name="TS007_TodoScripts02_ToDo3_checkNewToDoDefaultStarDone" time="88.146"/>
  <testcase classname="TestCases.TS007_TodoScripts02" name="TS007_TodoScripts02_ToDo5_checkDefaultDueDateSetting" time="57.643"/>
  <testcase classname="TestCases.TS007_TodoScripts02" name="TS007_TodoScripts02_ToDo6_checkDefaultDueDateAlertSetting" time="58.210"/>
  <testcase classname="TestCases.TS007_TodoScripts02" name="TS007_TodoScripts02_ToDo5_checkDefaultDueDateSetting" time="57.872"/>
  <testcase classname="TestCases.TS007_TodoScripts02" name="TS007_TodoScripts02_ToDo5_checkDefaultDueDateSetting" time="57.704"/>
  <testcase classname="TestCases.TS007_TodoScripts02" name="TS007_TodoScripts02_ToDo5_checkDefaultDueDateSetting" time="56.763"/>
  <testcase classname="TestCases.TS007_TodoScripts02" name="TS007_TodoScripts02_ToDo6_checkDefaultDueDateAlertSetting" time="58.079"/>
</testsuite> <!-- TestCases.TS007_TodoScripts02 -->
