<?xml version="1.0" encoding="UTF-8"?>
<!-- Generated by org.testng.reporters.JUnitReportReporter -->
<testsuite hostname="Bis-Mac-mini.local" failures="0" tests="10" name="TestCases.TS004_SettingsScripts03" time="361.007" errors="0" timestamp="05 Mar 2019 22:47:13 GMT" skipped="0">
  <testcase classname="TestCases.TS004_SettingsScripts03" name="TS004_SettingsScripts03_SettingCustomization7_setUnStarForItem" time="101.520"/>
  <testcase classname="TestCases.TS004_SettingsScripts03" name="TS004_SettingsScripts03_SettingCustomization8_setShowNavigationBarWhenIdle" time="13.134"/>
  <testcase classname="TestCases.TS004_SettingsScripts03" name="TS004_SettingsScripts03_SettingCustomization8_setShowNavigationBarWhenIdle" time="12.549"/>
  <testcase classname="TestCases.TS004_SettingsScripts03" name="TS004_SettingsScripts03_SettingCustomization8_setShowNavigationBarWhenIdle" time="12.618"/>
  <testcase classname="TestCases.TS004_SettingsScripts03" name="TS004_SettingsScripts03_SettingCustomization2_setLightHeaderAndFooter" time="12.450"/>
  <testcase classname="TestCases.TS004_SettingsScripts03" name="TS004_SettingsScripts03_SettingCustomization6_setStarForItem" time="84.079"/>
  <testcase classname="TestCases.TS004_SettingsScripts03" name="TS004_SettingsScripts03_SettingCustomization1_changeBackGround" time="27.576"/>
  <testcase classname="TestCases.TS004_SettingsScripts03" name="TS004_SettingsScripts03_SettingCustomization8_setShowNavigationBarWhenIdle" time="12.550"/>
  <testcase classname="TestCases.TS004_SettingsScripts03" name="TS004_SettingsScripts03_SettingCustomization5_setShowStarInListView" time="71.381"/>
  <testcase classname="TestCases.TS004_SettingsScripts03" name="TS004_SettingsScripts03_SettingCustomization8_setShowNavigationBarWhenIdle" time="13.150"/>
</testsuite> <!-- TestCases.TS004_SettingsScripts03 -->
